
[sender] Erro ao enviar para wesley: 'charmap' codec can't encode character '\u2705' in position 0: character maps to <undefined>
[sender] Erro ao enviar para wesley: 'charmap' codec can't encode character '\u2705' in position 0: character maps to <undefined>
[sender] Erro ao enviar para brenda: 'charmap' codec can't encode character '\u2705' in position 0: character maps to <undefined>
Usando endpoint: https://api.openai.com/v1/chat/completions
AVISO: O arquivo received_log.csv est· vazio. Nenhuma mensagem para processar.
Traceback (most recent call last):
  File "C:\Users\manin\Downloads\whatsapp_project\sender.py", line 303, in <module>
    wait.until(EC.presence_of_element_located((By.XPATH, "//div[@id='main']/footer")))
    ~~~~~~~~~~^^^^^^^^^^^^^^^^^^^^^^^^^^^^^^^^^^^^^^^^^^^^^^^^^^^^^^^^^^^^^^^^^^^^^^^^
  File "C:\Users\manin\AppData\Roaming\Python\Python313\site-packages\selenium\webdriver\support\wait.py", line 138, in until
    raise TimeoutException(message, screen, stacktrace)
selenium.common.exceptions.TimeoutException: Message: 
Stacktrace:
Symbols not available. Dumping unresolved backtrace:
	0x7ff6e19aa235
	0x7ff6e1702650
	0x7ff6e14916dd
	0x7ff6e14ea27e
	0x7ff6e14ea58c
	0x7ff6e153ed77
	0x7ff6e153baba
	0x7ff6e14db0ed
	0x7ff6e14dbf63
	0x7ff6e19d5d60
	0x7ff6e19cfe8a
	0x7ff6e19f1005
	0x7ff6e171d73e
	0x7ff6e1724e3f
	0x7ff6e170b7e4
	0x7ff6e170b99f
	0x7ff6e16f1908
	0x7ffc496fe8d7
	0x7ffc4adac53c


During handling of the above exception, another exception occurred:

Traceback (most recent call last):
  File "C:\Users\manin\Downloads\whatsapp_project\sender.py", line 336, in <module>
    print(f"\u274c Erro ao enviar para {nome}: {ex}")
    ~~~~~^^^^^^^^^^^^^^^^^^^^^^^^^^^^^^^^^^^^^^^^
  File "C:\Python313\Lib\encodings\cp1252.py", line 19, in encode
    return codecs.charmap_encode(input,self.errors,encoding_table)[0]
           ~~~~~~~~~~~~~~~~~~~~~^^^^^^^^^^^^^^^^^^^^^^^^^^^^^^^^^^
UnicodeEncodeError: 'charmap' codec can't encode character '\u274c' in position 0: character maps to <undefined>
Traceback (most recent call last):
  File "C:\Users\manin\Downloads\whatsapp_project\sender.py", line 322, in <module>
    print(f"\u2705 Mensagem enviada para: {nome}")
    ~~~~~^^^^^^^^^^^^^^^^^^^^^^^^^^^^^^^^^^^^^
  File "C:\Python313\Lib\encodings\cp1252.py", line 19, in encode
    return codecs.charmap_encode(input,self.errors,encoding_table)[0]
           ~~~~~~~~~~~~~~~~~~~~~^^^^^^^^^^^^^^^^^^^^^^^^^^^^^^^^^^
UnicodeEncodeError: 'charmap' codec can't encode character '\u2705' in position 0: character maps to <undefined>

During handling of the above exception, another exception occurred:

Traceback (most recent call last):
  File "C:\Users\manin\Downloads\whatsapp_project\sender.py", line 336, in <module>
    print(f"\u274c Erro ao enviar para {nome}: {ex}")
    ~~~~~^^^^^^^^^^^^^^^^^^^^^^^^^^^^^^^^^^^^^^^^
  File "C:\Python313\Lib\encodings\cp1252.py", line 19, in encode
    return codecs.charmap_encode(input,self.errors,encoding_table)[0]
           ~~~~~~~~~~~~~~~~~~~~~^^^^^^^^^^^^^^^^^^^^^^^^^^^^^^^^^^
UnicodeEncodeError: 'charmap' codec can't encode character '\u274c' in position 0: character maps to <undefined>
Traceback (most recent call last):
  File "C:\Users\manin\Downloads\whatsapp_project\listener_transcriber.py", line 320, in <module>
    print("\U0001f3a7 Listener e Transcriber iniciado!")
    ~~~~~^^^^^^^^^^^^^^^^^^^^^^^^^^^^^^^^^^^^^^^
  File "C:\Python313\Lib\encodings\cp1252.py", line 19, in encode
    return codecs.charmap_encode(input,self.errors,encoding_table)[0]
           ~~~~~~~~~~~~~~~~~~~~~^^^^^^^^^^^^^^^^^^^^^^^^^^^^^^^^^^
UnicodeEncodeError: 'charmap' codec can't encode character '\U0001f3a7' in position 0: character maps to <undefined>

During handling of the above exception, another exception occurred:

Traceback (most recent call last):
  File "C:\Users\manin\Downloads\whatsapp_project\listener_transcriber.py", line 336, in <module>
    print(f"\n\u274c Erro no listener_transcriber: {e}")
    ~~~~~^^^^^^^^^^^^^^^^^^^^^^^^^^^^^^^^^^^^^^^^^^^
  File "C:\Python313\Lib\encodings\cp1252.py", line 19, in encode
    return codecs.charmap_encode(input,self.errors,encoding_table)[0]
           ~~~~~~~~~~~~~~~~~~~~~^^^^^^^^^^^^^^^^^^^^^^^^^^^^^^^^^^
UnicodeEncodeError: 'charmap' codec can't encode character '\u274c' in position 2: character maps to <undefined>

During handling of the above exception, another exception occurred:

Traceback (most recent call last):
  File "C:\Users\manin\Downloads\whatsapp_project\listener_transcriber.py", line 340, in <module>
    print("\n\U0001f6d1 Encerrando...")
    ~~~~~^^^^^^^^^^^^^^^^^^^^^^
  File "C:\Python313\Lib\encodings\cp1252.py", line 19, in encode
    return codecs.charmap_encode(input,self.errors,encoding_table)[0]
           ~~~~~~~~~~~~~~~~~~~~~^^^^^^^^^^^^^^^^^^^^^^^^^^^^^^^^^^
UnicodeEncodeError: 'charmap' codec can't encode character '\U0001f6d1' in position 2: character maps to <undefined>
Traceback (most recent call last):
  File "C:\Users\manin\Downloads\whatsapp_project\sender.py", line 481, in <module>
    print(f"\u2705 Mensagem enviada para: {nome}")
    ~~~~~^^^^^^^^^^^^^^^^^^^^^^^^^^^^^^^^^^^^^
  File "C:\Python313\Lib\encodings\cp1252.py", line 19, in encode
    return codecs.charmap_encode(input,self.errors,encoding_table)[0]
           ~~~~~~~~~~~~~~~~~~~~~^^^^^^^^^^^^^^^^^^^^^^^^^^^^^^^^^^
UnicodeEncodeError: 'charmap' codec can't encode character '\u2705' in position 0: character maps to <undefined>

During handling of the above exception, another exception occurred:

Traceback (most recent call last):
  File "C:\Users\manin\Downloads\whatsapp_project\sender.py", line 495, in <module>
    print(f"\u274c Erro ao enviar para {nome}: {ex}")
    ~~~~~^^^^^^^^^^^^^^^^^^^^^^^^^^^^^^^^^^^^^^^^
  File "C:\Python313\Lib\encodings\cp1252.py", line 19, in encode
    return codecs.charmap_encode(input,self.errors,encoding_table)[0]
           ~~~~~~~~~~~~~~~~~~~~~^^^^^^^^^^^^^^^^^^^^^^^^^^^^^^^^^^
UnicodeEncodeError: 'charmap' codec can't encode character '\u274c' in position 0: character maps to <undefined>
Traceback (most recent call last):
  File "C:\Users\manin\Downloads\whatsapp_project\sender.py", line 622, in <module>
    print(f"\u2705 Mensagem enviada para: {nome}")
    ~~~~~^^^^^^^^^^^^^^^^^^^^^^^^^^^^^^^^^^^^^
  File "C:\Python313\Lib\encodings\cp1252.py", line 19, in encode
    return codecs.charmap_encode(input,self.errors,encoding_table)[0]
           ~~~~~~~~~~~~~~~~~~~~~^^^^^^^^^^^^^^^^^^^^^^^^^^^^^^^^^^
UnicodeEncodeError: 'charmap' codec can't encode character '\u2705' in position 0: character maps to <undefined>

During handling of the above exception, another exception occurred:

Traceback (most recent call last):
  File "C:\Users\manin\Downloads\whatsapp_project\sender.py", line 636, in <module>
    print(f"\u274c Erro ao enviar para {nome}: {ex}")
    ~~~~~^^^^^^^^^^^^^^^^^^^^^^^^^^^^^^^^^^^^^^^^
  File "C:\Python313\Lib\encodings\cp1252.py", line 19, in encode
    return codecs.charmap_encode(input,self.errors,encoding_table)[0]
           ~~~~~~~~~~~~~~~~~~~~~^^^^^^^^^^^^^^^^^^^^^^^^^^^^^^^^^^
UnicodeEncodeError: 'charmap' codec can't encode character '\u274c' in position 0: character maps to <undefined>
Traceback (most recent call last):
  File "C:\Users\manin\Downloads\whatsapp_project\sender.py", line 622, in <module>
    print(f"\u2705 Mensagem enviada para: {nome}")
    ~~~~~^^^^^^^^^^^^^^^^^^^^^^^^^^^^^^^^^^^^^
  File "C:\Python313\Lib\encodings\cp1252.py", line 19, in encode
    return codecs.charmap_encode(input,self.errors,encoding_table)[0]
           ~~~~~~~~~~~~~~~~~~~~~^^^^^^^^^^^^^^^^^^^^^^^^^^^^^^^^^^
UnicodeEncodeError: 'charmap' codec can't encode character '\u2705' in position 0: character maps to <undefined>

During handling of the above exception, another exception occurred:

Traceback (most recent call last):
  File "C:\Users\manin\Downloads\whatsapp_project\sender.py", line 636, in <module>
    print(f"\u274c Erro ao enviar para {nome}: {ex}")
    ~~~~~^^^^^^^^^^^^^^^^^^^^^^^^^^^^^^^^^^^^^^^^
  File "C:\Python313\Lib\encodings\cp1252.py", line 19, in encode
    return codecs.charmap_encode(input,self.errors,encoding_table)[0]
           ~~~~~~~~~~~~~~~~~~~~~^^^^^^^^^^^^^^^^^^^^^^^^^^^^^^^^^^
UnicodeEncodeError: 'charmap' codec can't encode character '\u274c' in position 0: character maps to <undefined>
Traceback (most recent call last):
  File "C:\Users\manin\Downloads\whatsapp_project\sender.py", line 161, in <module>
    print(f"\u2705 Mensagem enviada para: {nome}")
    ~~~~~^^^^^^^^^^^^^^^^^^^^^^^^^^^^^^^^^^^^^
  File "C:\Python313\Lib\encodings\cp1252.py", line 19, in encode
    return codecs.charmap_encode(input,self.errors,encoding_table)[0]
           ~~~~~~~~~~~~~~~~~~~~~^^^^^^^^^^^^^^^^^^^^^^^^^^^^^^^^^^
UnicodeEncodeError: 'charmap' codec can't encode character '\u2705' in position 0: character maps to <undefined>

During handling of the above exception, another exception occurred:

Traceback (most recent call last):
  File "C:\Users\manin\Downloads\whatsapp_project\sender.py", line 174, in <module>
    print(f"\u274c Erro ao enviar para {nome}: {ex}")
    ~~~~~^^^^^^^^^^^^^^^^^^^^^^^^^^^^^^^^^^^^^^^^
  File "C:\Python313\Lib\encodings\cp1252.py", line 19, in encode
    return codecs.charmap_encode(input,self.errors,encoding_table)[0]
           ~~~~~~~~~~~~~~~~~~~~~^^^^^^^^^^^^^^^^^^^^^^^^^^^^^^^^^^
UnicodeEncodeError: 'charmap' codec can't encode character '\u274c' in position 0: character maps to <undefined>
Traceback (most recent call last):
  File "C:\Users\manin\Downloads\whatsapp_project\sender.py", line 43, in <module>
    print(f"\U0001f4f1 Modo port·vel: usando perfil tempor·rio (ser· removido ao final)")
    ~~~~~^^^^^^^^^^^^^^^^^^^^^^^^^^^^^^^^^^^^^^^^^^^^^^^^^^^^^^^^^^^^^^^^^^^^^^^^
  File "C:\Python313\Lib\encodings\cp1252.py", line 19, in encode
    return codecs.charmap_encode(input,self.errors,encoding_table)[0]
           ~~~~~~~~~~~~~~~~~~~~~^^^^^^^^^^^^^^^^^^^^^^^^^^^^^^^^^^
UnicodeEncodeError: 'charmap' codec can't encode character '\U0001f4f1' in position 0: character maps to <undefined>
Traceback (most recent call last):
  File "C:\Users\manin\Downloads\whatsapp_project\sender.py", line 43, in <module>
    print(f"\U0001f4f1 Modo port·vel: usando perfil tempor·rio (ser· removido ao final)")
    ~~~~~^^^^^^^^^^^^^^^^^^^^^^^^^^^^^^^^^^^^^^^^^^^^^^^^^^^^^^^^^^^^^^^^^^^^^^^^
  File "C:\Python313\Lib\encodings\cp1252.py", line 19, in encode
    return codecs.charmap_encode(input,self.errors,encoding_table)[0]
           ~~~~~~~~~~~~~~~~~~~~~^^^^^^^^^^^^^^^^^^^^^^^^^^^^^^^^^^
UnicodeEncodeError: 'charmap' codec can't encode character '\U0001f4f1' in position 0: character maps to <undefined>
Traceback (most recent call last):
  File "C:\Users\manin\Downloads\whatsapp_project\sender.py", line 43, in <module>
    print(f"\U0001f4f1 Modo port·vel: usando perfil tempor·rio (ser· removido ao final)")
    ~~~~~^^^^^^^^^^^^^^^^^^^^^^^^^^^^^^^^^^^^^^^^^^^^^^^^^^^^^^^^^^^^^^^^^^^^^^^^
  File "C:\Python313\Lib\encodings\cp1252.py", line 19, in encode
    return codecs.charmap_encode(input,self.errors,encoding_table)[0]
           ~~~~~~~~~~~~~~~~~~~~~^^^^^^^^^^^^^^^^^^^^^^^^^^^^^^^^^^
UnicodeEncodeError: 'charmap' codec can't encode character '\U0001f4f1' in position 0: character maps to <undefined>
Traceback (most recent call last):
  File "C:\Users\manin\Downloads\whatsapp_project\sender.py", line 48, in <module>
    print(f"\U0001f4be Modo com perfil: usando perfil persistente em {PROFILE}")
    ~~~~~^^^^^^^^^^^^^^^^^^^^^^^^^^^^^^^^^^^^^^^^^^^^^^^^^^^^^^^^^^^^^^^
  File "C:\Python313\Lib\encodings\cp1252.py", line 19, in encode
    return codecs.charmap_encode(input,self.errors,encoding_table)[0]
           ~~~~~~~~~~~~~~~~~~~~~^^^^^^^^^^^^^^^^^^^^^^^^^^^^^^^^^^
UnicodeEncodeError: 'charmap' codec can't encode character '\U0001f4be' in position 0: character maps to <undefined>
Traceback (most recent call last):
  File "C:\Users\manin\Downloads\whatsapp_project\sender.py", line 48, in <module>
    print(f"\U0001f4be Modo com perfil: usando perfil persistente em {PROFILE}")
    ~~~~~^^^^^^^^^^^^^^^^^^^^^^^^^^^^^^^^^^^^^^^^^^^^^^^^^^^^^^^^^^^^^^^
  File "C:\Python313\Lib\encodings\cp1252.py", line 19, in encode
    return codecs.charmap_encode(input,self.errors,encoding_table)[0]
           ~~~~~~~~~~~~~~~~~~~~~^^^^^^^^^^^^^^^^^^^^^^^^^^^^^^^^^^
UnicodeEncodeError: 'charmap' codec can't encode character '\U0001f4be' in position 0: character maps to <undefined>
Traceback (most recent call last):
  File "C:\Users\manin\Downloads\whatsapp_project\sender.py", line 48, in <module>
    print(f"\U0001f4be Modo com perfil: usando perfil persistente em {PROFILE}")
    ~~~~~^^^^^^^^^^^^^^^^^^^^^^^^^^^^^^^^^^^^^^^^^^^^^^^^^^^^^^^^^^^^^^^
  File "C:\Python313\Lib\encodings\cp1252.py", line 19, in encode
    return codecs.charmap_encode(input,self.errors,encoding_table)[0]
           ~~~~~~~~~~~~~~~~~~~~~^^^^^^^^^^^^^^^^^^^^^^^^^^^^^^^^^^
UnicodeEncodeError: 'charmap' codec can't encode character '\U0001f4be' in position 0: character maps to <undefined>
Traceback (most recent call last):
  File "C:\Users\manin\Downloads\whatsapp_project\sender.py", line 48, in <module>
    print(f"\U0001f4be Modo com perfil: usando perfil persistente em {PROFILE}")
    ~~~~~^^^^^^^^^^^^^^^^^^^^^^^^^^^^^^^^^^^^^^^^^^^^^^^^^^^^^^^^^^^^^^^
  File "C:\Python313\Lib\encodings\cp1252.py", line 19, in encode
    return codecs.charmap_encode(input,self.errors,encoding_table)[0]
           ~~~~~~~~~~~~~~~~~~~~~^^^^^^^^^^^^^^^^^^^^^^^^^^^^^^^^^^
UnicodeEncodeError: 'charmap' codec can't encode character '\U0001f4be' in position 0: character maps to <undefined>
Traceback (most recent call last):
  File "C:\Users\manin\Downloads\whatsapp_project\sender.py", line 43, in <module>
    print(f"\U0001f4f1 Modo port·vel: usando perfil tempor·rio (ser· removido ao final)")
    ~~~~~^^^^^^^^^^^^^^^^^^^^^^^^^^^^^^^^^^^^^^^^^^^^^^^^^^^^^^^^^^^^^^^^^^^^^^^^
  File "C:\Python313\Lib\encodings\cp1252.py", line 19, in encode
    return codecs.charmap_encode(input,self.errors,encoding_table)[0]
           ~~~~~~~~~~~~~~~~~~~~~^^^^^^^^^^^^^^^^^^^^^^^^^^^^^^^^^^
UnicodeEncodeError: 'charmap' codec can't encode character '\U0001f4f1' in position 0: character maps to <undefined>
Traceback (most recent call last):
  File "C:\Users\manin\Downloads\whatsapp_project\sender.py", line 124, in <module>
    time.sleep(2)
    ~~~~~~~~~~^^^
KeyboardInterrupt
======================================
[IMPORTANTE] Voc√™ precisa fazer login no WhatsApp Web agora!
   1. Escaneie o QR Code que apareceu na tela
   2. Aguarde o WhatsApp carregar completamente
   3. O sistema aguardar√° 30 segundos para voc√™ fazer login
============================================================

[AGUARDANDO] Verificando se est√° logado...
[AGUARDANDO] Login... (10s/120s)
[AGUARDANDO] Login... (20s/120s)
[AGUARDANDO] Login... (30s/120s)
[MODO PORTAVEL] Usando perfil temporario (sera removido ao final)

============================================================
[MODO PORTAVEL ATIVADO]
============================================================
[IMPORTANTE] Voc√™ precisa fazer login no WhatsApp Web agora!
   1. Escaneie o QR Code que apareceu na tela
   2. Aguarde o WhatsApp carregar completamente
   3. O sistema aguardar√° 30 segundos para voc√™ fazer login
============================================================

[AGUARDANDO] Verificando se est√° logado...
[AGUARDANDO] Login... (10s/120s)
[AGUARDANDO] Login... (20s/120s)
[AGUARDANDO] Login... (30s/120s)
[AGUARDANDO] Login... (40s/120s)
[AGUARDANDO] Login... (50s/120s)
[AGUARDANDO] Login... (60s/120s)
[AGUARDANDO] Login... (70s/120s)
[AGUARDANDO] Login... (80s/120s)
[AGUARDANDO] Login... (90s/120s)
[AGUARDANDO] Login... (100s/120s)
[AGUARDANDO] Login... (110s/120s)
[AGUARDANDO] Login... (120s/120s)
[ERRO] N√£o foi poss√≠vel detectar login no WhatsApp Web!
   Por favor, fa√ßa login manualmente e tente novamente.
Traceback (most recent call last):
  File "C:\Users\manin\Downloads\whatsapp_project\sender.py", line 170, in <module>
    except Exception as e:
    ^^^^^^^^^^^^^
KeyboardInterrupt
=============================
[IMPORTANTE] Voc√™ precisa fazer login no WhatsApp Web agora!
   1. Escaneie o QR Code que apareceu na tela
   2. Aguarde o WhatsApp carregar completamente
   3. O sistema aguardar√° 30 segundos para voc√™ fazer login
============================================================

[AGUARDANDO] Verificando se est√° logado...
[AGUARDANDO] Aguardando login... (15s/180s)
[INFO] Certifique-se de que:
   1. Escaneou o QR Code com seu WhatsApp
   2. O WhatsApp Web est√° completamente carregado
   3. Voc√™ pode ver a lista de conversas
[AGUARDANDO] Aguardando login... (30s/180s)
[INFO] Certifique-se de que:
   1. Escaneou o QR Code com seu WhatsApp
   2. O WhatsApp Web est√° completamente carregado
   3. Voc√™ pode ver a lista de conversas
[AGUARDANDO] Aguardando login... (45s/180s)
[INFO] Certifique-se de que:
   1. Escaneou o QR Code com seu WhatsApp
   2. O WhatsApp Web est√° completamente carregado
   3. Voc√™ pode ver a lista de conversas
[AGUARDANDO] Aguardando login... (60s/180s)
[INFO] Certifique-se de que:
   1. Escaneou o QR Code com seu WhatsApp
   2. O WhatsApp Web est√° completamente carregado
   3. Voc√™ pode ver a lista de conversas
Traceback (most recent call last):
  File "C:\Users\manin\Downloads\whatsapp_project\sender.py", line 207, in <module>
    time.sleep(3)
    ~~~~~~~~~~^^^
KeyboardInterrupt
======================================
[IMPORTANTE] Voc√™ precisa fazer login no WhatsApp Web agora!
   1. Escaneie o QR Code que apareceu na tela
   2. Aguarde o WhatsApp carregar completamente
   3. O sistema aguardar√° 30 segundos para voc√™ fazer login
============================================================

[AGUARDANDO] Verificando se est√° logado...
[DEBUG] QR code encontrado com seletor: //div[contains(@class, 'qr')]...
[DEBUG] QR code encontrado com seletor: //div[contains(@class, 'qr')]...
[DEBUG] QR code encontrado com seletor: //div[contains(@class, 'qr')]...
[DEBUG] QR code encontrado com seletor: //div[contains(@class, 'qr')]...
[DEBUG] QR code encontrado com seletor: //div[contains(@class, 'qr')]...
[AGUARDANDO] Verificando login... (15s)
[DEBUG] QR code encontrado com seletor: //div[contains(@class, 'qr')]...
[MODO PERSISTENTE] Usando perfil em C:\Users\manin\Downloads\whatsapp_project\profile
[AGUARDANDO] 15 segundos para login no WhatsApp Web...
Encontrados 1 contatos para processar
Template de mensagem: Ol√° {nome}, tudo bem?

[1/1] Enviando para: wesley (5555991754295)
[DEBUG] URL: https://web.whatsapp.com/send?phone=5555991754295
[DEBUG] Abrindo URL do WhatsApp...
[DEBUG] P√°gina carregada, aguardando footer...
[DEBUG] Footer encontrado, chat aberto!
[DEBUG] Tentando enviar mensagem: Ol√° wesley, tudo bem?...
[DEBUG] Campo encontrado com seletor: //div[@contenteditable='true'][@data-tab='10']...
[DEBUG] Texto digitado com sucesso (m√©todo 1)
[DEBUG] Texto no campo: Ol√° wesley, tudo bem?...
[DEBUG] Mensagem enviada (m√©todo Enter)
[OK] Mensagem enviada com sucesso!
[OK] Mensagem enviada para: wesley

============================================================
[CONCLUIDO]
   Enviados: 1
   Erros: 0
   Total: 1
============================================================
Traceback (most recent call last):
  File "C:\Users\manin\Downloads\whatsapp_project\sender.py", line 482, in <module>
    sucesso_envio = enviar_texto(driver, wait, msg)
  File "C:\Users\manin\Downloads\whatsapp_project\sender.py", line 306, in enviar_texto
    time.sleep(0.3)
    ~~~~~~~~~~^^^^^
KeyboardInterrupt
la
   2. Aguarde o WhatsApp carregar completamente
   3. O sistema aguardar√° 30 segundos para voc√™ fazer login
============================================================

[AGUARDANDO] Verificando se est√° logado...
[DEBUG] QR code encontrado com seletor: //div[contains(@class, 'qr')]...
[DEBUG] QR code encontrado com seletor: //div[contains(@class, 'qr')]...
[DEBUG] QR code encontrado com seletor: //div[contains(@class, 'qr')]...
[DEBUG] QR code encontrado com seletor: //div[contains(@class, 'qr')]...
[DEBUG] QR code encontrado com seletor: //div[contains(@class, 'qr')]...
[AGUARDANDO] Verificando login... (15s)
[DEBUG] QR code encontrado com seletor: //div[contains(@class, 'qr')]...
[DEBUG] QR code encontrado com seletor: //div[contains(@class, 'qr')]...
[DEBUG] QR code encontrado com seletor: //div[contains(@class, 'qr')]...
[DEBUG] QR code encontrado com seletor: //div[contains(@class, 'qr')]...
[DEBUG] QR code encontrado com seletor: //div[contains(@class, 'qr')]...
[AGUARDANDO] Verificando login... (30s)
[DEBUG] QR code encontrado com seletor: //div[contains(@class, 'qr')]...
[DEBUG] QR code encontrado com seletor: //div[contains(@class, 'qr')]...
[DEBUG] QR code encontrado com seletor: //div[contains(@class, 'qr')]...
[DEBUG] QR code encontrado com seletor: //div[contains(@class, 'qr')]...
[DEBUG] QR code encontrado com seletor: //div[contains(@class, 'qr')]...
[AGUARDANDO] Verificando login... (45s)
[DEBUG] QR code encontrado com seletor: //div[contains(@class, 'qr')]...
[DEBUG] QR code encontrado com seletor: //div[contains(@class, 'qr')]...
[DEBUG] QR code encontrado com seletor: //div[contains(@class, 'qr')]...
[DEBUG] QR code encontrado com seletor: //div[contains(@class, 'qr')]...
[DEBUG] QR code encontrado com seletor: //div[contains(@class, 'qr')]...
[AGUARDANDO] Verificando login... (60s)
[AVISO] N√£o foi poss√≠vel detectar login automaticamente.
[INFO] Verificando se h√° QR code vis√≠vel...
[OK] QR code n√£o encontrado. Assumindo que est√° logado.
[INFO] Continuando com o envio...
Encontrados 1 contatos para processar
Template de mensagem: Ol√° {nome}, tudo bem?

[1/1] Enviando para: wesley (5555991754295)
[DEBUG] URL: https://web.whatsapp.com/send?phone=5555991754295
[DEBUG] Abrindo URL do WhatsApp...
[DEBUG] P√°gina carregada, aguardando footer...
[DEBUG] Footer encontrado, chat aberto!
[DEBUG] Tentando enviar mensagem: Ol√° wesley, tudo bem?...
[DEBUG] Campo encontrado com seletor: //div[@contenteditable='true'][@data-tab='10']...
[MODO PERSISTENTE] Usando perfil em C:\Users\manin\Downloads\whatsapp_project\profile
[AGUARDANDO] 15 segundos para login no WhatsApp Web...
Encontrados 1 contatos para processar
Template de mensagem: Ol√° {nome}, tudo bem?

[1/1] Enviando para: wesley (5555991754295)
[DEBUG] URL: https://web.whatsapp.com/send?phone=5555991754295
[DEBUG] Abrindo URL do WhatsApp...
[DEBUG] P√°gina carregada, aguardando footer...
[DEBUG] Footer encontrado, chat aberto!
[DEBUG] Tentando enviar mensagem: Ol√° wesley, tudo bem?...
[DEBUG] Campo encontrado com seletor: //div[@contenteditable='true'][@data-tab='10']...
[DEBUG] Texto digitado com sucesso (m√©todo 1)
[DEBUG] Texto no campo: Ol√° wesley, tudo bem?...
[DEBUG] Mensagem enviada (m√©todo Enter)
[OK] Mensagem enviada com sucesso!
[OK] Mensagem enviada para: wesley

============================================================
[CONCLUIDO]
   Enviados: 1
   Erros: 0
   Total: 1
============================================================
Traceback (most recent call last):
  File "C:\Users\manin\Downloads\whatsapp_project\sender.py", line 89, in <module>
    time.sleep(30)  # Mais tempo para login manual
    ~~~~~~~~~~^^^^
KeyboardInterrupt
=====
[IMPORTANTE] Voc√™ precisa fazer login no WhatsApp Web agora!
   1. Escaneie o QR Code que apareceu na tela
   2. Aguarde o WhatsApp carregar completamente
   3. O sistema aguardar√° 30 segundos para voc√™ fazer login
============================================================

[MODO PORTAVEL] Usando perfil temporario (sera removido ao final)

[MODO PORTAVEL] Aguardando 20 segundos para voc√™ fazer login...
[INFO] Escaneie o QR Code se necess√°rio e aguarde o WhatsApp carregar.
[OK] Continuando com os envios...
Encontrados 1 contatos para processar
Template de mensagem: Ol√° {nome}, tudo bem?

[1/1] Enviando para: wesley (5555991754295)
[DEBUG] URL: https://web.whatsapp.com/send?phone=5555991754295
[DEBUG] Abrindo URL do WhatsApp...
[DEBUG] P√°gina carregada, aguardando footer...
[DEBUG] Footer encontrado, chat aberto!
[DEBUG] Tentando enviar mensagem: Ol√° wesley, tudo bem?...
[DEBUG] Campo encontrado com seletor: //div[@contenteditable='true'][@data-tab='10']...
[DEBUG] Texto digitado com sucesso (m√©todo 1)
[DEBUG] Texto no campo: Ol√° wesley, tudo bem?...
[DEBUG] Mensagem enviada (m√©todo Enter)
[OK] Mensagem enviada com sucesso!
[OK] Mensagem enviada para: wesley

============================================================
[CONCLUIDO]
   Enviados: 1
   Erros: 0
   Total: 1
============================================================
[LIMPEZA] Removendo perfil temporario...
[OK] Perfil temporario removido
[MODO PORTAVEL] Usando perfil temporario (sera removido ao final)

[MODO PORTAVEL] Aguardando 20 segundos para voc√™ fazer login...
[INFO] Escaneie o QR Code se necess√°rio e aguarde o WhatsApp carregar.
[OK] Continuando com os envios...
Encontrados 25 contatos para processar
Template de mensagem: Ol√° {nome}, tudo bem?

[1/25] Enviando para: Roney (5538999136522)
[DEBUG] URL: https://web.whatsapp.com/send?phone=5538999136522
[DEBUG] Abrindo URL do WhatsApp...
[DEBUG] P√°gina carregada, aguardando footer...
[DEBUG] Footer encontrado, chat aberto!
[DEBUG] Tentando enviar mensagem: Ol√° Roney, tudo bem?...
[DEBUG] Campo encontrado com seletor: //div[@contenteditable='true'][@data-tab='10']...
[DEBUG] Texto digitado com sucesso (m√©todo 1)
[DEBUG] Texto no campo: Ol√° Roney, tudo bem?...
[DEBUG] Mensagem enviada (m√©todo Enter)
[OK] Mensagem enviada com sucesso!
[OK] Mensagem enviada para: Roney

[2/25] Enviando para: Junia (5538999652307)
[DEBUG] URL: https://web.whatsapp.com/send?phone=5538999652307
[DEBUG] Abrindo URL do WhatsApp...
[DEBUG] P√°gina carregada, aguardando footer...
[DEBUG] Footer encontrado, chat aberto!
[DEBUG] Tentando enviar mensagem: Ol√° Junia, tudo bem?...
[DEBUG] Campo encontrado com seletor: //div[@contenteditable='true'][@data-tab='10']...
[DEBUG] Texto digitado com sucesso (m√©todo 1)
[DEBUG] Texto no campo: Ol√° Junia, tudo bem?...
[DEBUG] Mensagem enviada (m√©todo Enter)
[OK] Mensagem enviada com sucesso!
[OK] Mensagem enviada para: Junia

[3/25] Enviando para: Jose (5538997252881)
[DEBUG] URL: https://web.whatsapp.com/send?phone=5538997252881
[DEBUG] Abrindo URL do WhatsApp...
[DEBUG] P√°gina carregada, aguardando footer...
[DEBUG] Footer encontrado, chat aberto!
[DEBUG] Tentando enviar mensagem: Ol√° Jose, tudo bem?...
[DEBUG] Campo encontrado com seletor: //div[@contenteditable='true'][@data-tab='10']...
[DEBUG] Texto digitado com sucesso (m√©todo 1)
[DEBUG] Texto no campo: Ol√° Jose, tudo bem?...
[DEBUG] Mensagem enviada (m√©todo Enter)
[OK] Mensagem enviada com sucesso!
[OK] Mensagem enviada para: Jose

[4/25] Enviando para: Dilsa (5527997423052)
[DEBUG] URL: https://web.whatsapp.com/send?phone=5527997423052
[DEBUG] Abrindo URL do WhatsApp...
[DEBUG] P√°gina carregada, aguardando footer...
[DEBUG] Footer encontrado, chat aberto!
[DEBUG] Tentando enviar mensagem: Ol√° Dilsa, tudo bem?...
[DEBUG] Campo encontrado com seletor: //div[@contenteditable='true'][@data-tab='10']...
[DEBUG] Texto digitado com sucesso (m√©todo 1)
[DEBUG] Texto no campo: Ol√° Dilsa, tudo bem?...
[DEBUG] Mensagem enviada (m√©todo Enter)
[OK] Mensagem enviada com sucesso!
[OK] Mensagem enviada para: Dilsa

[5/25] Enviando para: Erodino (5531998163462)
[DEBUG] URL: https://web.whatsapp.com/send?phone=5531998163462
[DEBUG] Abrindo URL do WhatsApp...
[DEBUG] P√°gina carregada, aguardando footer...
[DEBUG] Footer encontrado, chat aberto!
[DEBUG] Tentando enviar mensagem: Ol√° Erodino, tudo bem?...
[DEBUG] Campo encontrado com seletor: //div[@contenteditable='true'][@data-tab='10']...
[DEBUG] Texto digitado com sucesso (m√©todo 1)
[DEBUG] Texto no campo: Ol√° Erodino, tudo bem?...
[DEBUG] Mensagem enviada (m√©todo Enter)
[OK] Mensagem enviada com sucesso!
[OK] Mensagem enviada para: Erodino

[6/25] Enviando para: Lucas Gon√ßalves (5538998014511)
[DEBUG] URL: https://web.whatsapp.com/send?phone=5538998014511
[DEBUG] Abrindo URL do WhatsApp...
[DEBUG] P√°gina carregada, aguardando footer...
[DEBUG] Footer encontrado, chat aberto!
[DEBUG] Tentando enviar mensagem: Ol√° Lucas Gon√ßalves, tudo bem?...
[DEBUG] Campo encontrado com seletor: //div[@contenteditable='true'][@data-tab='10']...
[DEBUG] Texto digitado com sucesso (m√©todo 1)
[DEBUG] Texto no campo: Ol√° Lucas Gon√ßalves, tudo bem?...
[DEBUG] Mensagem enviada (m√©todo Enter)
[OK] Mensagem enviada com sucesso!
[OK] Mensagem enviada para: Lucas Gon√ßalves

[7/25] Enviando para: Graciele Mendes (553399178474)
[DEBUG] URL: https://web.whatsapp.com/send?phone=553399178474
[DEBUG] Abrindo URL do WhatsApp...
[DEBUG] P√°gina carregada, aguardando footer...
[DEBUG] Footer encontrado, chat aberto!
[DEBUG] Tentando enviar mensagem: Ol√° Graciele Mendes, tudo bem?...
[DEBUG] Campo encontrado com seletor: //div[@contenteditable='true'][@data-tab='10']...
[DEBUG] Texto digitado com sucesso (m√©todo 1)
[DEBUG] Texto no campo: Ol√° Graciele Mendes, tudo bem?...
[DEBUG] Mensagem enviada (m√©todo Enter)
[OK] Mensagem enviada com sucesso!
[OK] Mensagem enviada para: Graciele Mendes

[8/25] Enviando para: Karine Alves (553391226412)
[DEBUG] URL: https://web.whatsapp.com/send?phone=553391226412
[DEBUG] Abrindo URL do WhatsApp...
[DEBUG] P√°gina carregada, aguardando footer...
[DEBUG] Footer encontrado, chat aberto!
[DEBUG] Tentando enviar mensagem: Ol√° Karine Alves, tudo bem?...
[DEBUG] Campo encontrado com seletor: //div[@contenteditable='true'][@data-tab='10']...
[DEBUG] Texto digitado com sucesso (m√©todo 1)
[DEBUG] Texto no campo: Ol√° Karine Alves, tudo bem?...
[DEBUG] Mensagem enviada (m√©todo Enter)
[OK] Mensagem enviada com sucesso!
[OK] Mensagem enviada para: Karine Alves

[9/25] Enviando para: Claudia (553791358271)
[DEBUG] URL: https://web.whatsapp.com/send?phone=553791358271
[DEBUG] Abrindo URL do WhatsApp...
[DEBUG] P√°gina carregada, aguardando footer...
[DEBUG] Footer encontrado, chat aberto!
[DEBUG] Tentando enviar mensagem: Ol√° Claudia, tudo bem?...
[DEBUG] Campo encontrado com seletor: //div[@contenteditable='true'][@data-tab='10']...
[DEBUG] Texto digitado com sucesso (m√©todo 1)
[DEBUG] Texto no campo: Ol√° Claudia, tudo bem?...
[DEBUG] Mensagem enviada (m√©todo Enter)
[OK] Mensagem enviada com sucesso!
[OK] Mensagem enviada para: Claudia

[10/25] Enviando para: Lihh (553891193084)
[DEBUG] URL: https://web.whatsapp.com/send?phone=553891193084
[DEBUG] Abrindo URL do WhatsApp...
[DEBUG] P√°gina carregada, aguardando footer...
[DEBUG] Footer encontrado, chat aberto!
[DEBUG] Tentando enviar mensagem: Ol√° Lihh, tudo bem?...
[DEBUG] Campo encontrado com seletor: //div[@contenteditable='true'][@data-tab='10']...
[DEBUG] Texto digitado com sucesso (m√©todo 1)
[DEBUG] Texto no campo: Ol√° Lihh, tudo bem?...
[DEBUG] Mensagem enviada (m√©todo Enter)
[OK] Mensagem enviada com sucesso!
[OK] Mensagem enviada para: Lihh

[11/25] Enviando para: Kah (553399979780)
[DEBUG] URL: https://web.whatsapp.com/send?phone=553399979780
[DEBUG] Abrindo URL do WhatsApp...
[DEBUG] P√°gina carregada, aguardando footer...
[DEBUG] Footer encontrado, chat aberto!
[DEBUG] Tentando enviar mensagem: Ol√° Kah, tudo bem?...
[DEBUG] Campo encontrado com seletor: //div[@contenteditable='true'][@data-tab='10']...
[DEBUG] Texto digitado com sucesso (m√©todo 1)
[DEBUG] Texto no campo: Ol√° Kah, tudo bem?...
[DEBUG] Mensagem enviada (m√©todo Enter)
[OK] Mensagem enviada com sucesso!
[OK] Mensagem enviada para: Kah

[12/25] Enviando para: Joana Melo (554699220491)
[DEBUG] URL: https://web.whatsapp.com/send?phone=554699220491
[DEBUG] Abrindo URL do WhatsApp...
[DEBUG] P√°gina carregada, aguardando footer...
[DEBUG] Footer encontrado, chat aberto!
[DEBUG] Tentando enviar mensagem: Ol√° Joana Melo, tudo bem?...
[DEBUG] Campo encontrado com seletor: //div[@contenteditable='true'][@data-tab='10']...
[DEBUG] Texto digitado com sucesso (m√©todo 1)
[DEBUG] Texto no campo: Ol√° Joana Melo, tudo bem?...
[DEBUG] Mensagem enviada (m√©todo Enter)
[OK] Mensagem enviada com sucesso!
[OK] Mensagem enviada para: Joana Melo

[13/25] Enviando para: Mary Lopes (553391777290)
[DEBUG] URL: https://web.whatsapp.com/send?phone=553391777290
[DEBUG] Abrindo URL do WhatsApp...
[DEBUG] P√°gina carregada, aguardando footer...
[DEBUG] Footer encontrado, chat aberto!
[DEBUG] Tentando enviar mensagem: Ol√° Mary Lopes, tudo bem?...
[DEBUG] Campo encontrado com seletor: //div[@contenteditable='true'][@data-tab='10']...
[DEBUG] Texto digitado com sucesso (m√©todo 1)
[DEBUG] Texto no campo: Ol√° Mary Lopes, tudo bem?...
[DEBUG] Mensagem enviada (m√©todo Enter)
[OK] Mensagem enviada com sucesso!
[OK] Mensagem enviada para: Mary Lopes

[14/25] Enviando para: Sandra Aparecida (553391985085)
[DEBUG] URL: https://web.whatsapp.com/send?phone=553391985085
[DEBUG] Abrindo URL do WhatsApp...
[DEBUG] P√°gina carregada, aguardando footer...
[DEBUG] Footer encontrado, chat aberto!
[DEBUG] Tentando enviar mensagem: Ol√° Sandra Aparecida, tudo bem?...
[DEBUG] Campo encontrado com seletor: //div[@contenteditable='true'][@data-tab='10']...
[DEBUG] Texto digitado com sucesso (m√©todo 1)
[DEBUG] Texto no campo: Ol√° Sandra Aparecida, tudo bem?...
[DEBUG] Mensagem enviada (m√©todo Enter)
[OK] Mensagem enviada com sucesso!
[OK] Mensagem enviada para: Sandra Aparecida

[15/25] Enviando para: Joana Melo (554699220491)
[DEBUG] URL: https://web.whatsapp.com/send?phone=554699220491
[DEBUG] Abrindo URL do WhatsApp...
[DEBUG] P√°gina carregada, aguardando footer...
[DEBUG] Footer encontrado, chat aberto!
[DEBUG] Tentando enviar mensagem: Ol√° Joana Melo, tudo bem?...
[DEBUG] Campo encontrado com seletor: //div[@contenteditable='true'][@data-tab='10']...
[DEBUG] Texto digitado com sucesso (m√©todo 1)
[DEBUG] Texto no campo: Ol√° Joana Melo, tudo bem?...
[DEBUG] Mensagem enviada (m√©todo Enter)
[OK] Mensagem enviada com sucesso!
[OK] Mensagem enviada para: Joana Melo

[16/25] Enviando para: gisele (554688048737)
[DEBUG] URL: https://web.whatsapp.com/send?phone=554688048737
[DEBUG] Abrindo URL do WhatsApp...
[DEBUG] P√°gina carregada, aguardando footer...
[DEBUG] Footer encontrado, chat aberto!
[DEBUG] Tentando enviar mensagem: Ol√° gisele, tudo bem?...
[DEBUG] Campo encontrado com seletor: //div[@contenteditable='true'][@data-tab='10']...
[DEBUG] Texto digitado com sucesso (m√©todo 1)
[DEBUG] Texto no campo: Ol√° gisele, tudo bem?...
[DEBUG] Mensagem enviada (m√©todo Enter)
[OK] Mensagem enviada com sucesso!
[OK] Mensagem enviada para: gisele

[17/25] Enviando para: Cristiane (5512987118163)
[DEBUG] URL: https://web.whatsapp.com/send?phone=5512987118163
[DEBUG] Abrindo URL do WhatsApp...
[DEBUG] P√°gina carregada, aguardando footer...
[DEBUG] Footer encontrado, chat aberto!
[DEBUG] Tentando enviar mensagem: Ol√° Cristiane, tudo bem?...
[DEBUG] Campo encontrado com seletor: //div[@contenteditable='true'][@data-tab='10']...
[DEBUG] Texto digitado com sucesso (m√©todo 1)
[DEBUG] Texto no campo: Ol√° Cristiane, tudo bem?...
[DEBUG] Mensagem enviada (m√©todo Enter)
[OK] Mensagem enviada com sucesso!
[OK] Mensagem enviada para: Cristiane

[18/25] Enviando para: Rosa Maria de Vasconcelos (554699335488)
[DEBUG] URL: https://web.whatsapp.com/send?phone=554699335488
[DEBUG] Abrindo URL do WhatsApp...
[DEBUG] P√°gina carregada, aguardando footer...
[DEBUG] Footer encontrado, chat aberto!
[DEBUG] Tentando enviar mensagem: Ol√° Rosa Maria de Vasconcelos, tudo bem?...
[DEBUG] Campo encontrado com seletor: //div[@contenteditable='true'][@data-tab='10']...
[DEBUG] Texto digitado com sucesso (m√©todo 1)
[DEBUG] Texto no campo: Ol√° Rosa Maria de Vasconcelos, tudo bem?...
[DEBUG] Mensagem enviada (m√©todo Enter)
[OK] Mensagem enviada com sucesso!
[OK] Mensagem enviada para: Rosa Maria de Vasconcelos

[19/25] Enviando para: Castilho (5512991241926)
[DEBUG] URL: https://web.whatsapp.com/send?phone=5512991241926
[DEBUG] Abrindo URL do WhatsApp...
[DEBUG] P√°gina carregada, aguardando footer...
[DEBUG] Footer encontrado, chat aberto!
[DEBUG] Tentando enviar mensagem: Ol√° Castilho, tudo bem?...
[DEBUG] Campo encontrado com seletor: //div[@contenteditable='true'][@data-tab='10']...
[DEBUG] Texto digitado com sucesso (m√©todo 1)
[DEBUG] Texto no campo: Ol√° Castilho, tudo bem?...
[DEBUG] Mensagem enviada (m√©todo Enter)
[OK] Mensagem enviada com sucesso!
[OK] Mensagem enviada para: Castilho

[20/25] Enviando para: Mariluz Melo (554691052697)
[DEBUG] URL: https://web.whatsapp.com/send?phone=554691052697
[DEBUG] Abrindo URL do WhatsApp...
[DEBUG] P√°gina carregada, aguardando footer...
[DEBUG] Footer encontrado, chat aberto!
[DEBUG] Tentando enviar mensagem: Ol√° Mariluz Melo, tudo bem?...
[DEBUG] Campo encontrado com seletor: //div[@contenteditable='true'][@data-tab='10']...
[DEBUG] Texto digitado com sucesso (m√©todo 1)
[DEBUG] Texto no campo: Ol√° Mariluz Melo, tudo bem?...
[DEBUG] Mensagem enviada (m√©todo Enter)
[OK] Mensagem enviada com sucesso!
[OK] Mensagem enviada para: Mariluz Melo

[21/25] Enviando para: Zenadio (5518138973789)
[DEBUG] URL: https://web.whatsapp.com/send?phone=5518138973789
[DEBUG] Abrindo URL do WhatsApp...
[DEBUG] P√°gina carregada, aguardando footer...
[ERRO] Timeout ao abrir chat para Zenadio. Verifique se o n√∫mero est√° correto.
[DEBUG] Erro: Message: 
Stacktrace:
Symbols not available. Dumping unresolved backtrace:
	0x7ff6e19aa235
	0x7ff6e1702650
	0x7ff6e14916dd
	0x7ff6e14ea27e
	0x7ff6e14ea58c
	0x7ff6e153ed77
	0x7ff6e153baba
	0x7ff6e14db0ed
	0x7ff6e14dbf63
	0x7ff6e19d5d60
	0x7ff6e19cfe8a
	0x7ff6e19f1005
	0x7ff6e171d73e
	0x7ff6e1724e3f
	0x7ff6e170b7e4
	0x7ff6e170b99f
	0x7ff6e16f1908
	0x7ffc496fe8d7
	0x7ffc4adac53c


[22/25] Enviando para: Giovanna Let√≠cia (554699237139)
[DEBUG] URL: https://web.whatsapp.com/send?phone=554699237139
[DEBUG] Abrindo URL do WhatsApp...
[DEBUG] P√°gina carregada, aguardando footer...
[DEBUG] Footer encontrado, chat aberto!
[DEBUG] Tentando enviar mensagem: Ol√° Giovanna Let√≠cia, tudo bem?...
[DEBUG] Campo encontrado com seletor: //div[@contenteditable='true'][@data-tab='10']...
[DEBUG] Texto digitado com sucesso (m√©todo 1)
[DEBUG] Texto no campo: Ol√° Giovanna Let√≠cia, tudo bem?...
[DEBUG] Mensagem enviada (m√©todo Enter)
[OK] Mensagem enviada com sucesso!
[OK] Mensagem enviada para: Giovanna Let√≠cia

[23/25] Enviando para: cido (554699843552)
[DEBUG] URL: https://web.whatsapp.com/send?phone=554699843552
[DEBUG] Abrindo URL do WhatsApp...
[DEBUG] P√°gina carregada, aguardando footer...
[DEBUG] Footer encontrado, chat aberto!
[DEBUG] Tentando enviar mensagem: Ol√° cido, tudo bem?...
[DEBUG] Campo encontrado com seletor: //div[@contenteditable='true'][@data-tab='10']...
[DEBUG] Texto digitado com sucesso (m√©todo 1)
[DEBUG] Texto no campo: Ol√° cido, tudo bem?...
[DEBUG] Mensagem enviada (m√©todo Enter)
[OK] Mensagem enviada com sucesso!
[OK] Mensagem enviada para: cido

[24/25] Enviando para: Edna (551299779497)
[DEBUG] URL: https://web.whatsapp.com/send?phone=551299779497
[DEBUG] Abrindo URL do WhatsApp...
[DEBUG] P√°gina carregada, aguardando footer...
[ERRO] Timeout ao abrir chat para Edna. Verifique se o n√∫mero est√° correto.
[DEBUG] Erro: Message: 
Stacktrace:
Symbols not available. Dumping unresolved backtrace:
	0x7ff6e19aa235
	0x7ff6e1702650
	0x7ff6e14916dd
	0x7ff6e14ea27e
	0x7ff6e14ea58c
	0x7ff6e153ed77
	0x7ff6e153baba
	0x7ff6e14db0ed
	0x7ff6e14dbf63
	0x7ff6e19d5d60
	0x7ff6e19cfe8a
	0x7ff6e19f1005
	0x7ff6e171d73e
	0x7ff6e1724e3f
	0x7ff6e170b7e4
	0x7ff6e170b99f
	0x7ff6e16f1908
	0x7ffc496fe8d7
	0x7ffc4adac53c


[25/25] Enviando para: Cleonice (555481546000)
[DEBUG] URL: https://web.whatsapp.com/send?phone=555481546000
[DEBUG] Abrindo URL do WhatsApp...
[DEBUG] P√°gina carregada, aguardando footer...
[DEBUG] Footer encontrado, chat aberto!
[DEBUG] Tentando enviar mensagem: Ol√° Cleonice, tudo bem?...
[DEBUG] Campo encontrado com seletor: //div[@contenteditable='true'][@data-tab='10']...
[DEBUG] Texto digitado com sucesso (m√©todo 1)
[DEBUG] Texto no campo: Ol√° Cleonice, tudo bem?...
[DEBUG] Mensagem enviada (m√©todo Enter)
[OK] Mensagem enviada com sucesso!
[OK] Mensagem enviada para: Cleonice

============================================================
[CONCLUIDO]
   Enviados: 23
   Erros: 2
   Total: 25
============================================================
[LIMPEZA] Removendo perfil temporario...
[OK] Perfil temporario removido
[MODO PORTAVEL] Usando perfil temporario (sera removido ao final)

[MODO PORTAVEL] Aguardando 20 segundos para voc√™ fazer login...
[INFO] Escaneie o QR Code se necess√°rio e aguarde o WhatsApp carregar.
[OK] Continuando com os envios...
Encontrados 24 contatos para processar
Template de mensagem: Ol√° {nome}, tudo bem?

[1/24] Enviando para: Lucas (553899529282)
[DEBUG] URL: https://web.whatsapp.com/send?phone=553899529282
[DEBUG] Abrindo URL do WhatsApp...
[DEBUG] P√°gina carregada, aguardando footer...
[DEBUG] Footer encontrado, chat aberto!
[DEBUG] Tentando enviar mensagem: Ol√° Lucas, tudo bem?...
[DEBUG] Campo encontrado com seletor: //div[@contenteditable='true'][@data-tab='10']...
[DEBUG] Texto digitado com sucesso (m√©todo 1)
[DEBUG] Texto no campo: Ol√° Lucas, tudo bem?...
[DEBUG] Mensagem enviada (m√©todo Enter)
[OK] Mensagem enviada com sucesso!
[OK] Mensagem enviada para: Lucas

[2/24] Enviando para: Rosana (551296746314)
[DEBUG] URL: https://web.whatsapp.com/send?phone=551296746314
[DEBUG] Abrindo URL do WhatsApp...
[DEBUG] P√°gina carregada, aguardando footer...
[DEBUG] Footer encontrado, chat aberto!
[DEBUG] Tentando enviar mensagem: Ol√° Rosana, tudo bem?...
[DEBUG] Campo encontrado com seletor: //div[@contenteditable='true'][@data-tab='10']...
[DEBUG] Texto digitado com sucesso (m√©todo 1)
[DEBUG] Texto no campo: Ol√° Rosana, tudo bem?...
[DEBUG] Mensagem enviada (m√©todo Enter)
[OK] Mensagem enviada com sucesso!
[OK] Mensagem enviada para: Rosana

[3/24] Enviando para: Regiane (554691261928)
[DEBUG] URL: https://web.whatsapp.com/send?phone=554691261928
[DEBUG] Abrindo URL do WhatsApp...
[DEBUG] P√°gina carregada, aguardando footer...
[DEBUG] Footer encontrado, chat aberto!
[DEBUG] Tentando enviar mensagem: Ol√° Regiane, tudo bem?...
[DEBUG] Campo encontrado com seletor: //div[@contenteditable='true'][@data-tab='10']...
[DEBUG] Texto digitado com sucesso (m√©todo 1)
[DEBUG] Texto no campo: Ol√° Regiane, tudo bem?...
[DEBUG] Mensagem enviada (m√©todo Enter)
[OK] Mensagem enviada com sucesso!
[OK] Mensagem enviada para: Regiane

[4/24] Enviando para: Pedro (554699864452)
[DEBUG] URL: https://web.whatsapp.com/send?phone=554699864452
[DEBUG] Abrindo URL do WhatsApp...
[DEBUG] P√°gina carregada, aguardando footer...
[DEBUG] Footer encontrado, chat aberto!
[DEBUG] Tentando enviar mensagem: Ol√° Pedro, tudo bem?...
[DEBUG] Campo encontrado com seletor: //div[@contenteditable='true'][@data-tab='10']...
[DEBUG] Texto digitado com sucesso (m√©todo 1)
[DEBUG] Texto no campo: Ol√° Pedro, tudo bem?...
[DEBUG] Mensagem enviada (m√©todo Enter)
[OK] Mensagem enviada com sucesso!
[OK] Mensagem enviada para: Pedro

[5/24] Enviando para: Maycol (551299196935)
[DEBUG] URL: https://web.whatsapp.com/send?phone=551299196935
[DEBUG] Abrindo URL do WhatsApp...
[DEBUG] P√°gina carregada, aguardando footer...
[ERRO] Timeout ao abrir chat para Maycol. Verifique se o n√∫mero est√° correto.
[DEBUG] Erro: Message: 
Stacktrace:
Symbols not available. Dumping unresolved backtrace:
	0x7ff6e19aa235
	0x7ff6e1702650
	0x7ff6e14916dd
	0x7ff6e14ea27e
	0x7ff6e14ea58c
	0x7ff6e153ed77
	0x7ff6e153baba
	0x7ff6e14db0ed
	0x7ff6e14dbf63
	0x7ff6e19d5d60
	0x7ff6e19cfe8a
	0x7ff6e19f1005
	0x7ff6e171d73e
	0x7ff6e1724e3f
	0x7ff6e170b7e4
	0x7ff6e170b99f
	0x7ff6e16f1908
	0x7ffc496fe8d7
	0x7ffc4adac53c


[6/24] Enviando para: Jeriane (554691050735)
[DEBUG] URL: https://web.whatsapp.com/send?phone=554691050735
[DEBUG] Abrindo URL do WhatsApp...
[DEBUG] P√°gina carregada, aguardando footer...
[DEBUG] Footer encontrado, chat aberto!
[DEBUG] Tentando enviar mensagem: Ol√° Jeriane, tudo bem?...
[DEBUG] Campo encontrado com seletor: //div[@contenteditable='true'][@data-tab='10']...
[DEBUG] Texto digitado com sucesso (m√©todo 1)
[DEBUG] Texto no campo: Ol√° Jeriane, tudo bem?...
[DEBUG] Mensagem enviada (m√©todo Enter)
[OK] Mensagem enviada com sucesso!
[OK] Mensagem enviada para: Jeriane

[7/24] Enviando para: clede (554699809286)
[DEBUG] URL: https://web.whatsapp.com/send?phone=554699809286
[DEBUG] Abrindo URL do WhatsApp...
[DEBUG] P√°gina carregada, aguardando footer...
[DEBUG] Footer encontrado, chat aberto!
[DEBUG] Tentando enviar mensagem: Ol√° clede, tudo bem?...
[DEBUG] Campo encontrado com seletor: //div[@contenteditable='true'][@data-tab='10']...
[DEBUG] Texto digitado com sucesso (m√©todo 1)
[DEBUG] Texto no campo: Ol√° clede, tudo bem?...
[DEBUG] Mensagem enviada (m√©todo Enter)
[OK] Mensagem enviada com sucesso!
[OK] Mensagem enviada para: clede

[8/24] Enviando para: elis (554699154796)
[DEBUG] URL: https://web.whatsapp.com/send?phone=554699154796
[DEBUG] Abrindo URL do WhatsApp...
[DEBUG] P√°gina carregada, aguardando footer...
[DEBUG] Footer encontrado, chat aberto!
[DEBUG] Tentando enviar mensagem: Ol√° elis, tudo bem?...
[DEBUG] Campo encontrado com seletor: //div[@contenteditable='true'][@data-tab='10']...
[DEBUG] Texto digitado com sucesso (m√©todo 1)
[DEBUG] Texto no campo: Ol√° elis, tudo bem?...
[DEBUG] Mensagem enviada (m√©todo Enter)
[OK] Mensagem enviada com sucesso!
[OK] Mensagem enviada para: elis

[9/24] Enviando para: edinara (554699088622)
[DEBUG] URL: https://web.whatsapp.com/send?phone=554699088622
[DEBUG] Abrindo URL do WhatsApp...
[DEBUG] P√°gina carregada, aguardando footer...
[DEBUG] Footer encontrado, chat aberto!
[DEBUG] Tentando enviar mensagem: Ol√° edinara, tudo bem?...
[DEBUG] Campo encontrado com seletor: //div[@contenteditable='true'][@data-tab='10']...
[DEBUG] Texto digitado com sucesso (m√©todo 1)
[DEBUG] Texto no campo: Ol√° edinara, tudo bem?...
[DEBUG] Mensagem enviada (m√©todo Enter)
[OK] Mensagem enviada com sucesso!
[OK] Mensagem enviada para: edinara

[10/24] Enviando para: Flavio (554699726385)
[DEBUG] URL: https://web.whatsapp.com/send?phone=554699726385
[DEBUG] Abrindo URL do WhatsApp...
[DEBUG] P√°gina carregada, aguardando footer...
[DEBUG] Footer encontrado, chat aberto!
[DEBUG] Tentando enviar mensagem: Ol√° Flavio, tudo bem?...
[DEBUG] Campo encontrado com seletor: //div[@contenteditable='true'][@data-tab='10']...
[DEBUG] Texto digitado com sucesso (m√©todo 1)
[DEBUG] Texto no campo: Ol√° Flavio, tudo bem?...
[DEBUG] Mensagem enviada (m√©todo Enter)
[OK] Mensagem enviada com sucesso!
[OK] Mensagem enviada para: Flavio

[11/24] Enviando para: mari (554699242417)
[DEBUG] URL: https://web.whatsapp.com/send?phone=554699242417
[DEBUG] Abrindo URL do WhatsApp...
[DEBUG] P√°gina carregada, aguardando footer...
[DEBUG] Footer encontrado, chat aberto!
[DEBUG] Tentando enviar mensagem: Ol√° mari, tudo bem?...
[DEBUG] Campo encontrado com seletor: //div[@contenteditable='true'][@data-tab='10']...
[DEBUG] Texto digitado com sucesso (m√©todo 1)
[DEBUG] Texto no campo: Ol√° mari, tudo bem?...
[DEBUG] Mensagem enviada (m√©todo Enter)
[OK] Mensagem enviada com sucesso!
[OK] Mensagem enviada para: mari

[12/24] Enviando para: VanessaDuarte (551291832909)
[DEBUG] URL: https://web.whatsapp.com/send?phone=551291832909
[DEBUG] Abrindo URL do WhatsApp...
[DEBUG] P√°gina carregada, aguardando footer...
[DEBUG] Footer encontrado, chat aberto!
[DEBUG] Tentando enviar mensagem: Ol√° VanessaDuarte, tudo bem?...
[DEBUG] Campo encontrado com seletor: //div[@contenteditable='true'][@data-tab='10']...
[DEBUG] Texto digitado com sucesso (m√©todo 1)
[DEBUG] Texto no campo: Ol√° VanessaDuarte, tudo bem?...
[DEBUG] Mensagem enviada (m√©todo Enter)
[OK] Mensagem enviada com sucesso!
[OK] Mensagem enviada para: VanessaDuarte

[13/24] Enviando para: Jaqueline (554999936437)
[DEBUG] URL: https://web.whatsapp.com/send?phone=554999936437
[DEBUG] Abrindo URL do WhatsApp...
[DEBUG] P√°gina carregada, aguardando footer...
[DEBUG] Footer encontrado, chat aberto!
[DEBUG] Tentando enviar mensagem: Ol√° Jaqueline, tudo bem?...
[DEBUG] Campo encontrado com seletor: //div[@contenteditable='true'][@data-tab='10']...
[DEBUG] Texto digitado com sucesso (m√©todo 1)
[DEBUG] Texto no campo: Ol√° Jaqueline, tudo bem?...
[DEBUG] Mensagem enviada (m√©todo Enter)
[OK] Mensagem enviada com sucesso!
[OK] Mensagem enviada para: Jaqueline

[14/24] Enviando para: JaisaMiguel (554796028359)
[DEBUG] URL: https://web.whatsapp.com/send?phone=554796028359
[DEBUG] Abrindo URL do WhatsApp...
[DEBUG] P√°gina carregada, aguardando footer...
[DEBUG] Footer encontrado, chat aberto!
[DEBUG] Tentando enviar mensagem: Ol√° JaisaMiguel, tudo bem?...
[DEBUG] Campo encontrado com seletor: //div[@contenteditable='true'][@data-tab='10']...
[DEBUG] Texto digitado com sucesso (m√©todo 1)
[DEBUG] Texto no campo: Ol√° JaisaMiguel, tudo bem?...
[DEBUG] Mensagem enviada (m√©todo Enter)
[OK] Mensagem enviada com sucesso!
[OK] Mensagem enviada para: JaisaMiguel

[15/24] Enviando para: Julia (551291283748)
[DEBUG] URL: https://web.whatsapp.com/send?phone=551291283748
[DEBUG] Abrindo URL do WhatsApp...
[DEBUG] P√°gina carregada, aguardando footer...
[DEBUG] Footer encontrado, chat aberto!
[DEBUG] Tentando enviar mensagem: Ol√° Julia, tudo bem?...
[DEBUG] Campo encontrado com seletor: //div[@contenteditable='true'][@data-tab='10']...
[DEBUG] Texto digitado com sucesso (m√©todo 1)
[DEBUG] Texto no campo: Ol√° Julia, tudo bem?...
[DEBUG] Mensagem enviada (m√©todo Enter)
[OK] Mensagem enviada com sucesso!
[OK] Mensagem enviada para: Julia

[16/24] Enviando para: Cesar (554691125255)
[DEBUG] URL: https://web.whatsapp.com/send?phone=554691125255
[DEBUG] Abrindo URL do WhatsApp...
[DEBUG] P√°gina carregada, aguardando footer...
[DEBUG] Footer encontrado, chat aberto!
[DEBUG] Tentando enviar mensagem: Ol√° Cesar, tudo bem?...
[DEBUG] Campo encontrado com seletor: //div[@contenteditable='true'][@data-tab='10']...
[DEBUG] Texto digitado com sucesso (m√©todo 1)
[ERRO] Erro ao enviar texto: Message: stale element reference: stale element not found in the current frame
  (Session info: chrome=142.0.7444.135); For documentation on this error, please visit: https://www.selenium.dev/documentation/webdriver/troubleshooting/errors#staleelementreferenceexception
Stacktrace:
Symbols not available. Dumping unresolved backtrace:
	0x7ff6e19aa235
	0x7ff6e1702650
	0x7ff6e14916dd
	0x7ff6e14994c8
	0x7ff6e149c8c2
	0x7ff6e153ce53
	0x7ff6e1512b0a
	0x7ff6e153baba
	0x7ff6e14db0ed
	0x7ff6e14dbf63
	0x7ff6e19d5d60
	0x7ff6e19cfe8a
	0x7ff6e19f1005
	0x7ff6e171d73e
	0x7ff6e1724e3f
	0x7ff6e170b7e4
	0x7ff6e170b99f
	0x7ff6e16f1908
	0x7ffc496fe8d7
	0x7ffc4adac53c

[DEBUG] Traceback: Traceback (most recent call last):
  File "C:\Users\manin\Downloads\whatsapp_project\sender.py", line 172, in enviar_texto
    texto_final = driver.execute_script("return arguments[0].innerText || arguments[0].textContent || '';", campo)
  File "C:\Users\manin\AppData\Roaming\Python\Python313\site-packages\selenium\webdriver\remote\webdriver.py", line 555, in execute_script
    return self.execute(command, {"script": script, "args": converted_args})["value"]
           ~~~~~~~~~~~~^^^^^^^^^^^^^^^^^^^^^^^^^^^^^^^^^^^^^^^^^^^^^^^^^^^^^
  File "C:\Users\manin\AppData\Roaming\Python\Python313\site-packages\selenium\webdriver\remote\webdriver.py", line 458, in execute
    self.error_handler.check_response(response)
    ~~~~~~~~~~~~~~~~~~~~~~~~~~~~~~~~~^^^^^^^^^^
  File "C:\Users\manin\AppData\Roaming\Python\Python313\site-packages\selenium\webdriver\remote\errorhandler.py", line 232, in check_response
    raise exception_class(message, screen, stacktrace)
selenium.common.exceptions.StaleElementReferenceException: Message: stale element reference: stale element not found in the current frame
  (Session info: chrome=142.0.7444.135); For documentation on this error, please visit: https://www.selenium.dev/documentation/webdriver/troubleshooting/errors#staleelementreferenceexception
Stacktrace:
Symbols not available. Dumping unresolved backtrace:
	0x7ff6e19aa235
	0x7ff6e1702650
	0x7ff6e14916dd
	0x7ff6e14994c8
	0x7ff6e149c8c2
	0x7ff6e153ce53
	0x7ff6e1512b0a
	0x7ff6e153baba
	0x7ff6e14db0ed
	0x7ff6e14dbf63
	0x7ff6e19d5d60
	0x7ff6e19cfe8a
	0x7ff6e19f1005
	0x7ff6e171d73e
	0x7ff6e1724e3f
	0x7ff6e170b7e4
	0x7ff6e170b99f
	0x7ff6e16f1908
	0x7ffc496fe8d7
	0x7ffc4adac53c


[FALHA] Falha ao enviar mensagem para: Cesar

[17/24] Enviando para: F√°tima (553592012835)
[DEBUG] URL: https://web.whatsapp.com/send?phone=553592012835
[DEBUG] Abrindo URL do WhatsApp...
[DEBUG] P√°gina carregada, aguardando footer...
[DEBUG] Footer encontrado, chat aberto!
[DEBUG] Tentando enviar mensagem: Ol√° F√°tima, tudo bem?...
[DEBUG] Campo encontrado com seletor: //div[@contenteditable='true'][@data-tab='10']...
[DEBUG] Texto digitado com sucesso (m√©todo 1)
[DEBUG] Texto no campo: Ol√° F√°tima, tudo bem?...
[DEBUG] Mensagem enviada (m√©todo Enter)
[ERRO] Erro ao enviar texto: Message: stale element reference: stale element not found in the current frame
  (Session info: chrome=142.0.7444.135); For documentation on this error, please visit: https://www.selenium.dev/documentation/webdriver/troubleshooting/errors#staleelementreferenceexception
Stacktrace:
Symbols not available. Dumping unresolved backtrace:
	0x7ff6e19aa235
	0x7ff6e1702650
	0x7ff6e14916dd
	0x7ff6e14994c8
	0x7ff6e149c8c2
	0x7ff6e153ce53
	0x7ff6e1512b0a
	0x7ff6e153baba
	0x7ff6e14db0ed
	0x7ff6e14dbf63
	0x7ff6e19d5d60
	0x7ff6e19cfe8a
	0x7ff6e19f1005
	0x7ff6e171d73e
	0x7ff6e1724e3f
	0x7ff6e170b7e4
	0x7ff6e170b99f
	0x7ff6e16f1908
	0x7ffc496fe8d7
	0x7ffc4adac53c

[DEBUG] Traceback: Traceback (most recent call last):
  File "C:\Users\manin\Downloads\whatsapp_project\sender.py", line 204, in enviar_texto
    texto_apos_envio = driver.execute_script("return arguments[0].innerText || arguments[0].textContent || '';", campo)
  File "C:\Users\manin\AppData\Roaming\Python\Python313\site-packages\selenium\webdriver\remote\webdriver.py", line 555, in execute_script
    return self.execute(command, {"script": script, "args": converted_args})["value"]
           ~~~~~~~~~~~~^^^^^^^^^^^^^^^^^^^^^^^^^^^^^^^^^^^^^^^^^^^^^^^^^^^^^
  File "C:\Users\manin\AppData\Roaming\Python\Python313\site-packages\selenium\webdriver\remote\webdriver.py", line 458, in execute
    self.error_handler.check_response(response)
    ~~~~~~~~~~~~~~~~~~~~~~~~~~~~~~~~~^^^^^^^^^^
  File "C:\Users\manin\AppData\Roaming\Python\Python313\site-packages\selenium\webdriver\remote\errorhandler.py", line 232, in check_response
    raise exception_class(message, screen, stacktrace)
selenium.common.exceptions.StaleElementReferenceException: Message: stale element reference: stale element not found in the current frame
  (Session info: chrome=142.0.7444.135); For documentation on this error, please visit: https://www.selenium.dev/documentation/webdriver/troubleshooting/errors#staleelementreferenceexception
Stacktrace:
Symbols not available. Dumping unresolved backtrace:
	0x7ff6e19aa235
	0x7ff6e1702650
	0x7ff6e14916dd
	0x7ff6e14994c8
	0x7ff6e149c8c2
	0x7ff6e153ce53
	0x7ff6e1512b0a
	0x7ff6e153baba
	0x7ff6e14db0ed
	0x7ff6e14dbf63
	0x7ff6e19d5d60
	0x7ff6e19cfe8a
	0x7ff6e19f1005
	0x7ff6e171d73e
	0x7ff6e1724e3f
	0x7ff6e170b7e4
	0x7ff6e170b99f
	0x7ff6e16f1908
	0x7ffc496fe8d7
	0x7ffc4adac53c


[FALHA] Falha ao enviar mensagem para: F√°tima

[18/24] Enviando para: Matheus (553898930603)
[DEBUG] URL: https://web.whatsapp.com/send?phone=553898930603
[DEBUG] Abrindo URL do WhatsApp...
[DEBUG] P√°gina carregada, aguardando footer...
[DEBUG] Footer encontrado, chat aberto!
[DEBUG] Tentando enviar mensagem: Ol√° Matheus, tudo bem?...
[DEBUG] Campo encontrado com seletor: //div[@contenteditable='true'][@data-tab='10']...
[DEBUG] Texto digitado com sucesso (m√©todo 1)
[DEBUG] Texto no campo: Ol√° Matheus, tudo bem?...
[DEBUG] Mensagem enviada (m√©todo Enter)
[OK] Mensagem enviada com sucesso!
[OK] Mensagem enviada para: Matheus

[19/24] Enviando para: ClaudineiCordeiro (554699414294)
[DEBUG] URL: https://web.whatsapp.com/send?phone=554699414294
[DEBUG] Abrindo URL do WhatsApp...
[DEBUG] P√°gina carregada, aguardando footer...
[DEBUG] Footer encontrado, chat aberto!
[DEBUG] Tentando enviar mensagem: Ol√° ClaudineiCordeiro, tudo bem?...
[DEBUG] Campo encontrado com seletor: //div[@contenteditable='true'][@data-tab='10']...
[DEBUG] Texto digitado com sucesso (m√©todo 1)
[DEBUG] Texto no campo: Ol√° ClaudineiCordeiro, tudo bem?...
[DEBUG] Mensagem enviada (m√©todo Enter)
[OK] Mensagem enviada com sucesso!
[OK] Mensagem enviada para: ClaudineiCordeiro

[20/24] Enviando para: Waguinho (552498493498)
[DEBUG] URL: https://web.whatsapp.com/send?phone=552498493498
[DEBUG] Abrindo URL do WhatsApp...
[DEBUG] P√°gina carregada, aguardando footer...
[DEBUG] Footer encontrado, chat aberto!
[DEBUG] Tentando enviar mensagem: Ol√° Waguinho, tudo bem?...
[DEBUG] Campo encontrado com seletor: //div[@contenteditable='true'][@data-tab='10']...
[DEBUG] Texto digitado com sucesso (m√©todo 1)
[DEBUG] Texto no campo: Ol√° Waguinho, tudo bem?...
[DEBUG] Mensagem enviada (m√©todo Enter)
[OK] Mensagem enviada com sucesso!
[OK] Mensagem enviada para: Waguinho

[21/24] Enviando para: J√∫nior (551291742550)
[DEBUG] URL: https://web.whatsapp.com/send?phone=551291742550
[DEBUG] Abrindo URL do WhatsApp...
[DEBUG] P√°gina carregada, aguardando footer...
[DEBUG] Footer encontrado, chat aberto!
[DEBUG] Tentando enviar mensagem: Ol√° J√∫nior, tudo bem?...
[DEBUG] Campo encontrado com seletor: //div[@contenteditable='true'][@data-tab='10']...
[DEBUG] Texto digitado com sucesso (m√©todo 1)
[DEBUG] Texto no campo: Ol√° J√∫nior, tudo bem?...
[DEBUG] Mensagem enviada (m√©todo Enter)
[OK] Mensagem enviada com sucesso!
[OK] Mensagem enviada para: J√∫nior

[22/24] Enviando para: Neyla (559296096677)
[DEBUG] URL: https://web.whatsapp.com/send?phone=559296096677
[DEBUG] Abrindo URL do WhatsApp...
[DEBUG] P√°gina carregada, aguardando footer...
[DEBUG] Footer encontrado, chat aberto!
[DEBUG] Tentando enviar mensagem: Ol√° Neyla, tudo bem?...
[DEBUG] Campo encontrado com seletor: //div[@contenteditable='true'][@data-tab='10']...
[DEBUG] Texto digitado com sucesso (m√©todo 1)
[DEBUG] Texto no campo: Ol√° Neyla, tudo bem?...
[DEBUG] Mensagem enviada (m√©todo Enter)
[OK] Mensagem enviada com sucesso!
[OK] Mensagem enviada para: Neyla

[23/24] Enviando para: Maria (551297452365)
[DEBUG] URL: https://web.whatsapp.com/send?phone=551297452365
[DEBUG] Abrindo URL do WhatsApp...
[DEBUG] P√°gina carregada, aguardando footer...
[DEBUG] Footer encontrado, chat aberto!
[DEBUG] Tentando enviar mensagem: Ol√° Maria, tudo bem?...
[DEBUG] Campo encontrado com seletor: //div[@contenteditable='true'][@data-tab='10']...
[DEBUG] Texto digitado com sucesso (m√©todo 1)
[DEBUG] Texto no campo: Ol√° Maria, tudo bem?...
[DEBUG] Mensagem enviada (m√©todo Enter)
[OK] Mensagem enviada com sucesso!
[OK] Mensagem enviada para: Maria

[24/24] Enviando para: JeaneRoquete (553898424226)
[DEBUG] URL: https://web.whatsapp.com/send?phone=553898424226
[DEBUG] Abrindo URL do WhatsApp...
[DEBUG] P√°gina carregada, aguardando footer...
[DEBUG] Footer encontrado, chat aberto!
[DEBUG] Tentando enviar mensagem: Ol√° JeaneRoquete, tudo bem?...
[DEBUG] Campo encontrado com seletor: //div[@contenteditable='true'][@data-tab='10']...
[DEBUG] Texto digitado com sucesso (m√©todo 1)
[DEBUG] Texto no campo: Ol√° JeaneRoquete, tudo bem?...
[DEBUG] Mensagem enviada (m√©todo Enter)
[OK] Mensagem enviada com sucesso!
[OK] Mensagem enviada para: JeaneRoquete

============================================================
[CONCLUIDO]
   Enviados: 21
   Erros: 3
   Total: 24
============================================================
[LIMPEZA] Removendo perfil temporario...
[OK] Perfil temporario removido
Traceback (most recent call last):
  File "C:\Users\manin\Downloads\whatsapp_project\sender.py", line 282, in <module>
    sucesso_envio = enviar_texto(driver, wait, msg)
  File "C:\Users\manin\Downloads\whatsapp_project\sender.py", line 131, in enviar_texto
    time.sleep(3)
    ~~~~~~~~~~^^^
KeyboardInterrupt
de para limpar seu nome e recuperar seu cr√©dito!

Ol√°!
Se voc√™ est√° com nome restrito ou score baixo, este √© o momento ideal para organizar sua vida financeira e voltar a ter acesso a cr√©dito no mercado.

Estou aqui para te orientar no processo de regulariza√ß√£o, te ajudar a limpar seu nome e te mostrar as melhores op√ß√µes para voc√™ recuperar seu score de forma segura.

Com o nome limpo, voc√™ volta a: 
‚úî Ter cr√©dito aprovado com mais facilidade
‚úî Comprar no boleto, cart√£o e financiar
‚úî Realizar seus projetos com tranquilidade financeira

Se quiser entender como funciona e qual √© o melhor caminho para o seu caso, √© s√≥ me chamar.
Vamos juntos colocar sua vida financeira em dia e abrir novas oportunidades!

[1/24] Enviando para: JeaneRoquete (553898424226)
[DEBUG] URL: https://web.whatsapp.com/send?phone=553898424226&text=%F0%9F%93%8C%20Oportunidade%20para%20limpar%20seu%20nome%20e%20recuperar%20seu%20cr%C3%A9dito%21%0A%0AOl%C3%A1%21%0ASe%20voc%C3%AA%20est%C3%A1%20com%20nome%20restrito%20ou%20score%20baixo%2C%20este%20%C3%A9%20o%20momento%20ideal%20para%20organizar%20sua%20vida%20financeira%20e%20voltar%20a%20ter%20acesso%20a%20cr%C3%A9dito%20no%20mercado.%0A%0AEstou%20aqui%20para%20te%20orientar%20no%20processo%20de%20regulariza%C3%A7%C3%A3o%2C%20te%20ajudar%20a%20limpar%20seu%20nome%20e%20te%20mostrar%20as%20melhores%20op%C3%A7%C3%B5es%20para%20voc%C3%AA%20recuperar%20seu%20score%20de%20forma%20segura.%0A%0ACom%20o%20nome%20limpo%2C%20voc%C3%AA%20volta%20a%3A%20%0A%E2%9C%94%20Ter%20cr%C3%A9dito%20aprovado%20com%20mais%20facilidade%0A%E2%9C%94%20Comprar%20no%20boleto%2C%20cart%C3%A3o%20e%20financiar%0A%E2%9C%94%20Realizar%20seus%20projetos%20com%20tranquilidade%20financeira%0A%0ASe%20quiser%20entender%20como%20funciona%20e%20qual%20%C3%A9%20o%20melhor%20caminho%20para%20o%20seu%20caso%2C%20%C3%A9%20s%C3%B3%20me%20chamar.%0AVamos%20juntos%20colocar%20sua%20vida%20financeira%20em%20dia%20e%20abrir%20novas%20oportunidades%21
[DEBUG] Abrindo URL do WhatsApp...
[DEBUG] P√°gina carregada, aguardando footer...
[DEBUG] Footer encontrado, chat aberto!
[DEBUG] Verificando mensagem pr√©-preenchida: üìå Oportunidade para limpar seu nome e recuperar se...
[DEBUG] Campo encontrado com seletor: //div[@contenteditable='true'][@data-tab='10']...
[DEBUG] Aguardando mensagem ser preenchida...
[AVISO] Texto pode n√£o estar completamente preenchido (esperado: 722, obtido: 739)
[AVISO] Continuando mesmo assim...
[DEBUG] Aguardando 20 segundos antes de enviar...
[DEBUG] Pressionando Enter para enviar...
[OK] Mensagem enviada com sucesso!
[OK] Mensagem enviada para: JeaneRoquete

[2/24] Enviando para: Gabriel (556195545456)
[DEBUG] URL: https://web.whatsapp.com/send?phone=556195545456&text=%F0%9F%93%8C%20Oportunidade%20para%20limpar%20seu%20nome%20e%20recuperar%20seu%20cr%C3%A9dito%21%0A%0AOl%C3%A1%21%0ASe%20voc%C3%AA%20est%C3%A1%20com%20nome%20restrito%20ou%20score%20baixo%2C%20este%20%C3%A9%20o%20momento%20ideal%20para%20organizar%20sua%20vida%20financeira%20e%20voltar%20a%20ter%20acesso%20a%20cr%C3%A9dito%20no%20mercado.%0A%0AEstou%20aqui%20para%20te%20orientar%20no%20processo%20de%20regulariza%C3%A7%C3%A3o%2C%20te%20ajudar%20a%20limpar%20seu%20nome%20e%20te%20mostrar%20as%20melhores%20op%C3%A7%C3%B5es%20para%20voc%C3%AA%20recuperar%20seu%20score%20de%20forma%20segura.%0A%0ACom%20o%20nome%20limpo%2C%20voc%C3%AA%20volta%20a%3A%20%0A%E2%9C%94%20Ter%20cr%C3%A9dito%20aprovado%20com%20mais%20facilidade%0A%E2%9C%94%20Comprar%20no%20boleto%2C%20cart%C3%A3o%20e%20financiar%0A%E2%9C%94%20Realizar%20seus%20projetos%20com%20tranquilidade%20financeira%0A%0ASe%20quiser%20entender%20como%20funciona%20e%20qual%20%C3%A9%20o%20melhor%20caminho%20para%20o%20seu%20caso%2C%20%C3%A9%20s%C3%B3%20me%20chamar.%0AVamos%20juntos%20colocar%20sua%20vida%20financeira%20em%20dia%20e%20abrir%20novas%20oportunidades%21
[DEBUG] Abrindo URL do WhatsApp...
[DEBUG] P√°gina carregada, aguardando footer...
[DEBUG] Footer encontrado, chat aberto!
[DEBUG] Verificando mensagem pr√©-preenchida: üìå Oportunidade para limpar seu nome e recuperar se...
[DEBUG] Campo encontrado com seletor: //div[@contenteditable='true'][@data-tab='10']...
[DEBUG] Aguardando mensagem ser preenchida...
[AVISO] Texto pode n√£o estar completamente preenchido (esperado: 722, obtido: 739)
[AVISO] Continuando mesmo assim...
[DEBUG] Aguardando 20 segundos antes de enviar...
[DEBUG] Pressionando Enter para enviar...
[OK] Mensagem enviada com sucesso!
[OK] Mensagem enviada para: Gabriel

[3/24] Enviando para: Jessika (556194198240)
[DEBUG] URL: https://web.whatsapp.com/send?phone=556194198240&text=%F0%9F%93%8C%20Oportunidade%20para%20limpar%20seu%20nome%20e%20recuperar%20seu%20cr%C3%A9dito%21%0A%0AOl%C3%A1%21%0ASe%20voc%C3%AA%20est%C3%A1%20com%20nome%20restrito%20ou%20score%20baixo%2C%20este%20%C3%A9%20o%20momento%20ideal%20para%20organizar%20sua%20vida%20financeira%20e%20voltar%20a%20ter%20acesso%20a%20cr%C3%A9dito%20no%20mercado.%0A%0AEstou%20aqui%20para%20te%20orientar%20no%20processo%20de%20regulariza%C3%A7%C3%A3o%2C%20te%20ajudar%20a%20limpar%20seu%20nome%20e%20te%20mostrar%20as%20melhores%20op%C3%A7%C3%B5es%20para%20voc%C3%AA%20recuperar%20seu%20score%20de%20forma%20segura.%0A%0ACom%20o%20nome%20limpo%2C%20voc%C3%AA%20volta%20a%3A%20%0A%E2%9C%94%20Ter%20cr%C3%A9dito%20aprovado%20com%20mais%20facilidade%0A%E2%9C%94%20Comprar%20no%20boleto%2C%20cart%C3%A3o%20e%20financiar%0A%E2%9C%94%20Realizar%20seus%20projetos%20com%20tranquilidade%20financeira%0A%0ASe%20quiser%20entender%20como%20funciona%20e%20qual%20%C3%A9%20o%20melhor%20caminho%20para%20o%20seu%20caso%2C%20%C3%A9%20s%C3%B3%20me%20chamar.%0AVamos%20juntos%20colocar%20sua%20vida%20financeira%20em%20dia%20e%20abrir%20novas%20oportunidades%21
[DEBUG] Abrindo URL do WhatsApp...
[DEBUG] P√°gina carregada, aguardando footer...
[DEBUG] Footer encontrado, chat aberto!
[DEBUG] Verificando mensagem pr√©-preenchida: üìå Oportunidade para limpar seu nome e recuperar se...
[DEBUG] Campo encontrado com seletor: //div[@contenteditable='true'][@data-tab='10']...
[DEBUG] Aguardando mensagem ser preenchida...
[AVISO] Texto pode n√£o estar completamente preenchido (esperado: 722, obtido: 739)
[AVISO] Continuando mesmo assim...
[DEBUG] Aguardando 20 segundos antes de enviar...
[DEBUG] Pressionando Enter para enviar...
[OK] Mensagem enviada com sucesso!
[OK] Mensagem enviada para: Jessika

[4/24] Enviando para: ClaudioGalvao (556182049434)
[DEBUG] URL: https://web.whatsapp.com/send?phone=556182049434&text=%F0%9F%93%8C%20Oportunidade%20para%20limpar%20seu%20nome%20e%20recuperar%20seu%20cr%C3%A9dito%21%0A%0AOl%C3%A1%21%0ASe%20voc%C3%AA%20est%C3%A1%20com%20nome%20restrito%20ou%20score%20baixo%2C%20este%20%C3%A9%20o%20momento%20ideal%20para%20organizar%20sua%20vida%20financeira%20e%20voltar%20a%20ter%20acesso%20a%20cr%C3%A9dito%20no%20mercado.%0A%0AEstou%20aqui%20para%20te%20orientar%20no%20processo%20de%20regulariza%C3%A7%C3%A3o%2C%20te%20ajudar%20a%20limpar%20seu%20nome%20e%20te%20mostrar%20as%20melhores%20op%C3%A7%C3%B5es%20para%20voc%C3%AA%20recuperar%20seu%20score%20de%20forma%20segura.%0A%0ACom%20o%20nome%20limpo%2C%20voc%C3%AA%20volta%20a%3A%20%0A%E2%9C%94%20Ter%20cr%C3%A9dito%20aprovado%20com%20mais%20facilidade%0A%E2%9C%94%20Comprar%20no%20boleto%2C%20cart%C3%A3o%20e%20financiar%0A%E2%9C%94%20Realizar%20seus%20projetos%20com%20tranquilidade%20financeira%0A%0ASe%20quiser%20entender%20como%20funciona%20e%20qual%20%C3%A9%20o%20melhor%20caminho%20para%20o%20seu%20caso%2C%20%C3%A9%20s%C3%B3%20me%20chamar.%0AVamos%20juntos%20colocar%20sua%20vida%20financeira%20em%20dia%20e%20abrir%20novas%20oportunidades%21
[DEBUG] Abrindo URL do WhatsApp...
[DEBUG] P√°gina carregada, aguardando footer...
[DEBUG] Footer encontrado, chat aberto!
[DEBUG] Verificando mensagem pr√©-preenchida: üìå Oportunidade para limpar seu nome e recuperar se...
[DEBUG] Campo encontrado com seletor: //div[@contenteditable='true'][@data-tab='10']...
[DEBUG] Aguardando mensagem ser preenchida...
[AVISO] Texto pode n√£o estar completamente preenchido (esperado: 722, obtido: 739)
[AVISO] Continuando mesmo assim...
[DEBUG] Aguardando 20 segundos antes de enviar...
[DEBUG] Pressionando Enter para enviar...
[OK] Mensagem enviada com sucesso!
[OK] Mensagem enviada para: ClaudioGalvao

[5/24] Enviando para: Marcio (551299234263)
[DEBUG] URL: https://web.whatsapp.com/send?phone=551299234263&text=%F0%9F%93%8C%20Oportunidade%20para%20limpar%20seu%20nome%20e%20recuperar%20seu%20cr%C3%A9dito%21%0A%0AOl%C3%A1%21%0ASe%20voc%C3%AA%20est%C3%A1%20com%20nome%20restrito%20ou%20score%20baixo%2C%20este%20%C3%A9%20o%20momento%20ideal%20para%20organizar%20sua%20vida%20financeira%20e%20voltar%20a%20ter%20acesso%20a%20cr%C3%A9dito%20no%20mercado.%0A%0AEstou%20aqui%20para%20te%20orientar%20no%20processo%20de%20regulariza%C3%A7%C3%A3o%2C%20te%20ajudar%20a%20limpar%20seu%20nome%20e%20te%20mostrar%20as%20melhores%20op%C3%A7%C3%B5es%20para%20voc%C3%AA%20recuperar%20seu%20score%20de%20forma%20segura.%0A%0ACom%20o%20nome%20limpo%2C%20voc%C3%AA%20volta%20a%3A%20%0A%E2%9C%94%20Ter%20cr%C3%A9dito%20aprovado%20com%20mais%20facilidade%0A%E2%9C%94%20Comprar%20no%20boleto%2C%20cart%C3%A3o%20e%20financiar%0A%E2%9C%94%20Realizar%20seus%20projetos%20com%20tranquilidade%20financeira%0A%0ASe%20quiser%20entender%20como%20funciona%20e%20qual%20%C3%A9%20o%20melhor%20caminho%20para%20o%20seu%20caso%2C%20%C3%A9%20s%C3%B3%20me%20chamar.%0AVamos%20juntos%20colocar%20sua%20vida%20financeira%20em%20dia%20e%20abrir%20novas%20oportunidades%21
[DEBUG] Abrindo URL do WhatsApp...
[DEBUG] P√°gina carregada, aguardando footer...
[ERRO] Timeout ao abrir chat para Marcio. Verifique se o n√∫mero est√° correto.
[DEBUG] Erro: Message: 
Stacktrace:
Symbols not available. Dumping unresolved backtrace:
	0x7ff70543a235
	0x7ff705192650
	0x7ff704f216dd
	0x7ff704f7a27e
	0x7ff704f7a58c
	0x7ff704fced77
	0x7ff704fcbaba
	0x7ff704f6b0ed
	0x7ff704f6bf63
	0x7ff705465d60
	0x7ff70545fe8a
	0x7ff705481005
	0x7ff7051ad73e
	0x7ff7051b4e3f
	0x7ff70519b7e4
	0x7ff70519b99f
	0x7ff705181908
	0x7ffc496fe8d7
	0x7ffc4adac53c


[6/24] Enviando para: Emely (556191095305)
[DEBUG] URL: https://web.whatsapp.com/send?phone=556191095305&text=%F0%9F%93%8C%20Oportunidade%20para%20limpar%20seu%20nome%20e%20recuperar%20seu%20cr%C3%A9dito%21%0A%0AOl%C3%A1%21%0ASe%20voc%C3%AA%20est%C3%A1%20com%20nome%20restrito%20ou%20score%20baixo%2C%20este%20%C3%A9%20o%20momento%20ideal%20para%20organizar%20sua%20vida%20financeira%20e%20voltar%20a%20ter%20acesso%20a%20cr%C3%A9dito%20no%20mercado.%0A%0AEstou%20aqui%20para%20te%20orientar%20no%20processo%20de%20regulariza%C3%A7%C3%A3o%2C%20te%20ajudar%20a%20limpar%20seu%20nome%20e%20te%20mostrar%20as%20melhores%20op%C3%A7%C3%B5es%20para%20voc%C3%AA%20recuperar%20seu%20score%20de%20forma%20segura.%0A%0ACom%20o%20nome%20limpo%2C%20voc%C3%AA%20volta%20a%3A%20%0A%E2%9C%94%20Ter%20cr%C3%A9dito%20aprovado%20com%20mais%20facilidade%0A%E2%9C%94%20Comprar%20no%20boleto%2C%20cart%C3%A3o%20e%20financiar%0A%E2%9C%94%20Realizar%20seus%20projetos%20com%20tranquilidade%20financeira%0A%0ASe%20quiser%20entender%20como%20funciona%20e%20qual%20%C3%A9%20o%20melhor%20caminho%20para%20o%20seu%20caso%2C%20%C3%A9%20s%C3%B3%20me%20chamar.%0AVamos%20juntos%20colocar%20sua%20vida%20financeira%20em%20dia%20e%20abrir%20novas%20oportunidades%21
[DEBUG] Abrindo URL do WhatsApp...
[DEBUG] P√°gina carregada, aguardando footer...
[DEBUG] Footer encontrado, chat aberto!
[DEBUG] Verificando mensagem pr√©-preenchida: üìå Oportunidade para limpar seu nome e recuperar se...
[DEBUG] Campo encontrado com seletor: //div[@contenteditable='true'][@data-tab='10']...
[DEBUG] Aguardando mensagem ser preenchida...
[AVISO] Texto pode n√£o estar completamente preenchido (esperado: 722, obtido: 739)
[AVISO] Continuando mesmo assim...
[DEBUG] Aguardando 20 segundos antes de enviar...
[DEBUG] Pressionando Enter para enviar...
[OK] Mensagem enviada com sucesso!
[OK] Mensagem enviada para: Emely

[7/24] Enviando para: Luciana (556194489190)
[DEBUG] URL: https://web.whatsapp.com/send?phone=556194489190&text=%F0%9F%93%8C%20Oportunidade%20para%20limpar%20seu%20nome%20e%20recuperar%20seu%20cr%C3%A9dito%21%0A%0AOl%C3%A1%21%0ASe%20voc%C3%AA%20est%C3%A1%20com%20nome%20restrito%20ou%20score%20baixo%2C%20este%20%C3%A9%20o%20momento%20ideal%20para%20organizar%20sua%20vida%20financeira%20e%20voltar%20a%20ter%20acesso%20a%20cr%C3%A9dito%20no%20mercado.%0A%0AEstou%20aqui%20para%20te%20orientar%20no%20processo%20de%20regulariza%C3%A7%C3%A3o%2C%20te%20ajudar%20a%20limpar%20seu%20nome%20e%20te%20mostrar%20as%20melhores%20op%C3%A7%C3%B5es%20para%20voc%C3%AA%20recuperar%20seu%20score%20de%20forma%20segura.%0A%0ACom%20o%20nome%20limpo%2C%20voc%C3%AA%20volta%20a%3A%20%0A%E2%9C%94%20Ter%20cr%C3%A9dito%20aprovado%20com%20mais%20facilidade%0A%E2%9C%94%20Comprar%20no%20boleto%2C%20cart%C3%A3o%20e%20financiar%0A%E2%9C%94%20Realizar%20seus%20projetos%20com%20tranquilidade%20financeira%0A%0ASe%20quiser%20entender%20como%20funciona%20e%20qual%20%C3%A9%20o%20melhor%20caminho%20para%20o%20seu%20caso%2C%20%C3%A9%20s%C3%B3%20me%20chamar.%0AVamos%20juntos%20colocar%20sua%20vida%20financeira%20em%20dia%20e%20abrir%20novas%20oportunidades%21
[DEBUG] Abrindo URL do WhatsApp...
[DEBUG] P√°gina carregada, aguardando footer...
[DEBUG] Footer encontrado, chat aberto!
[DEBUG] Verificando mensagem pr√©-preenchida: üìå Oportunidade para limpar seu nome e recuperar se...
[DEBUG] Aguardando mensagem ser preenchida...
[MODO PORTAVEL] Usando perfil temporario (sera removido ao final)

[MODO PORTAVEL] Aguardando 20 segundos para voc√™ fazer login...
[INFO] Escaneie o QR Code se necess√°rio e aguarde o WhatsApp carregar.
[OK] Continuando com os envios...
Encontrados 24 contatos para processar
Template de mensagem: üìå Oportunidade para limpar seu nome e recuperar seu cr√©dito!

Ol√°!
Se voc√™ est√° com nome restrito ou score baixo, este √© o momento ideal para organizar sua vida financeira e voltar a ter acesso a cr√©dito no mercado.

Estou aqui para te orientar no processo de regulariza√ß√£o, te ajudar a limpar seu nome e te mostrar as melhores op√ß√µes para voc√™ recuperar seu score de forma segura.

Com o nome limpo, voc√™ volta a: 
‚úî Ter cr√©dito aprovado com mais facilidade
‚úî Comprar no boleto, cart√£o e financiar
‚úî Realizar seus projetos com tranquilidade financeira

Se quiser entender como funciona e qual √© o melhor caminho para o seu caso, √© s√≥ me chamar.
Vamos juntos colocar sua vida financeira em dia e abrir novas¬†oportunidades!

[1/24] Enviando para: JeaneRoquete (553898424226)
[DEBUG] URL: https://web.whatsapp.com/send?phone=553898424226&text=%F0%9F%93%8C%20Oportunidade%20para%20limpar%20seu%20nome%20e%20recuperar%20seu%20cr%C3%A9dito%21%0A%0AOl%C3%A1%21%0ASe%20voc%C3%AA%20est%C3%A1%20com%20nome%20restrito%20ou%20score%20baixo%2C%20este%20%C3%A9%20o%20momento%20ideal%20para%20organizar%20sua%20vida%20financeira%20e%20voltar%20a%20ter%20acesso%20a%20cr%C3%A9dito%20no%20mercado.%0A%0AEstou%20aqui%20para%20te%20orientar%20no%20processo%20de%20regulariza%C3%A7%C3%A3o%2C%20te%20ajudar%20a%20limpar%20seu%20nome%20e%20te%20mostrar%20as%20melhores%20op%C3%A7%C3%B5es%20para%20voc%C3%AA%20recuperar%20seu%20score%20de%20forma%20segura.%0A%0ACom%20o%20nome%20limpo%2C%20voc%C3%AA%20volta%20a%3A%20%0A%E2%9C%94%20Ter%20cr%C3%A9dito%20aprovado%20com%20mais%20facilidade%0A%E2%9C%94%20Comprar%20no%20boleto%2C%20cart%C3%A3o%20e%20financiar%0A%E2%9C%94%20Realizar%20seus%20projetos%20com%20tranquilidade%20financeira%0A%0ASe%20quiser%20entender%20como%20funciona%20e%20qual%20%C3%A9%20o%20melhor%20caminho%20para%20o%20seu%20caso%2C%20%C3%A9%20s%C3%B3%20me%20chamar.%0AVamos%20juntos%20colocar%20sua%20vida%20financeira%20em%20dia%20e%20abrir%20novas%C2%A0oportunidades%21
[DEBUG] Abrindo URL do WhatsApp...
[DEBUG] P√°gina carregada, aguardando footer...
[DEBUG] Footer encontrado, chat aberto!
[DEBUG] Verificando mensagem pr√©-preenchida: üìå Oportunidade para limpar seu nome e recuperar se...
[DEBUG] Campo encontrado com seletor: //div[@contenteditable='true'][@data-tab='10']...
[DEBUG] Aguardando mensagem ser preenchida...
[AVISO] Texto pode n√£o estar completamente preenchido (esperado: 722, obtido: 739)
[AVISO] Continuando mesmo assim...
[DEBUG] Aguardando 10 segundos antes de enviar...
[DEBUG] Pressionando Enter para enviar...
[OK] Mensagem enviada com sucesso!
[OK] Mensagem enviada para: JeaneRoquete

[2/24] Enviando para: Gabriel (556195545456)
[DEBUG] URL: https://web.whatsapp.com/send?phone=556195545456&text=%F0%9F%93%8C%20Oportunidade%20para%20limpar%20seu%20nome%20e%20recuperar%20seu%20cr%C3%A9dito%21%0A%0AOl%C3%A1%21%0ASe%20voc%C3%AA%20est%C3%A1%20com%20nome%20restrito%20ou%20score%20baixo%2C%20este%20%C3%A9%20o%20momento%20ideal%20para%20organizar%20sua%20vida%20financeira%20e%20voltar%20a%20ter%20acesso%20a%20cr%C3%A9dito%20no%20mercado.%0A%0AEstou%20aqui%20para%20te%20orientar%20no%20processo%20de%20regulariza%C3%A7%C3%A3o%2C%20te%20ajudar%20a%20limpar%20seu%20nome%20e%20te%20mostrar%20as%20melhores%20op%C3%A7%C3%B5es%20para%20voc%C3%AA%20recuperar%20seu%20score%20de%20forma%20segura.%0A%0ACom%20o%20nome%20limpo%2C%20voc%C3%AA%20volta%20a%3A%20%0A%E2%9C%94%20Ter%20cr%C3%A9dito%20aprovado%20com%20mais%20facilidade%0A%E2%9C%94%20Comprar%20no%20boleto%2C%20cart%C3%A3o%20e%20financiar%0A%E2%9C%94%20Realizar%20seus%20projetos%20com%20tranquilidade%20financeira%0A%0ASe%20quiser%20entender%20como%20funciona%20e%20qual%20%C3%A9%20o%20melhor%20caminho%20para%20o%20seu%20caso%2C%20%C3%A9%20s%C3%B3%20me%20chamar.%0AVamos%20juntos%20colocar%20sua%20vida%20financeira%20em%20dia%20e%20abrir%20novas%C2%A0oportunidades%21
[DEBUG] Abrindo URL do WhatsApp...
[ERRO] Erro ao enviar para Gabriel: Message: invalid session id: session deleted as the browser has closed the connection
from disconnected: not connected to DevTools
  (Session info: chrome=142.0.7444.163); For documentation on this error, please visit: https://www.selenium.dev/documentation/webdriver/troubleshooting/errors#invalidsessionidexception
Stacktrace:
Symbols not available. Dumping unresolved backtrace:
	0x7ff70543a235
	0x7ff705192650
	0x7ff704f216dd
	0x7ff704f0d205
	0x7ff704f32a8a
	0x7ff704faa476
	0x7ff704fcb3d2
	0x7ff704f6b0ed
	0x7ff704f6bf63
	0x7ff705465d60
	0x7ff70545fe8a
	0x7ff705481005
	0x7ff7051ad73e
	0x7ff7051b4e3f
	0x7ff70519b7e4
	0x7ff70519b99f
	0x7ff705181908
	0x7ffc496fe8d7
	0x7ffc4adac53c


[3/24] Enviando para: Jessika (556194198240)
[DEBUG] URL: https://web.whatsapp.com/send?phone=556194198240&text=%F0%9F%93%8C%20Oportunidade%20para%20limpar%20seu%20nome%20e%20recuperar%20seu%20cr%C3%A9dito%21%0A%0AOl%C3%A1%21%0ASe%20voc%C3%AA%20est%C3%A1%20com%20nome%20restrito%20ou%20score%20baixo%2C%20este%20%C3%A9%20o%20momento%20ideal%20para%20organizar%20sua%20vida%20financeira%20e%20voltar%20a%20ter%20acesso%20a%20cr%C3%A9dito%20no%20mercado.%0A%0AEstou%20aqui%20para%20te%20orientar%20no%20processo%20de%20regulariza%C3%A7%C3%A3o%2C%20te%20ajudar%20a%20limpar%20seu%20nome%20e%20te%20mostrar%20as%20melhores%20op%C3%A7%C3%B5es%20para%20voc%C3%AA%20recuperar%20seu%20score%20de%20forma%20segura.%0A%0ACom%20o%20nome%20limpo%2C%20voc%C3%AA%20volta%20a%3A%20%0A%E2%9C%94%20Ter%20cr%C3%A9dito%20aprovado%20com%20mais%20facilidade%0A%E2%9C%94%20Comprar%20no%20boleto%2C%20cart%C3%A3o%20e%20financiar%0A%E2%9C%94%20Realizar%20seus%20projetos%20com%20tranquilidade%20financeira%0A%0ASe%20quiser%20entender%20como%20funciona%20e%20qual%20%C3%A9%20o%20melhor%20caminho%20para%20o%20seu%20caso%2C%20%C3%A9%20s%C3%B3%20me%20chamar.%0AVamos%20juntos%20colocar%20sua%20vida%20financeira%20em%20dia%20e%20abrir%20novas%C2%A0oportunidades%21
[DEBUG] Abrindo URL do WhatsApp...
[ERRO] Erro ao enviar para Jessika: Message: invalid session id; For documentation on this error, please visit: https://www.selenium.dev/documentation/webdriver/troubleshooting/errors#invalidsessionidexception
Stacktrace:
Symbols not available. Dumping unresolved backtrace:
	0x7ff70543a235
	0x7ff705192650
	0x7ff704f214e5
	0x7ff704f6a151
	0x7ff704fa2a12
	0x7ff704f9d27c
	0x7ff704f9c46a
	0x7ff704eeacb5
	0x7ff705465d60
	0x7ff70545fe8a
	0x7ff705481005
	0x7ff7051ad73e
	0x7ff7051b4e3f
	0x7ff704ee977b
	0x7ff7055b45f8
	0x7ffc496fe8d7
	0x7ffc4adac53c


[4/24] Enviando para: ClaudioGalvao (556182049434)
[DEBUG] URL: https://web.whatsapp.com/send?phone=556182049434&text=%F0%9F%93%8C%20Oportunidade%20para%20limpar%20seu%20nome%20e%20recuperar%20seu%20cr%C3%A9dito%21%0A%0AOl%C3%A1%21%0ASe%20voc%C3%AA%20est%C3%A1%20com%20nome%20restrito%20ou%20score%20baixo%2C%20este%20%C3%A9%20o%20momento%20ideal%20para%20organizar%20sua%20vida%20financeira%20e%20voltar%20a%20ter%20acesso%20a%20cr%C3%A9dito%20no%20mercado.%0A%0AEstou%20aqui%20para%20te%20orientar%20no%20processo%20de%20regulariza%C3%A7%C3%A3o%2C%20te%20ajudar%20a%20limpar%20seu%20nome%20e%20te%20mostrar%20as%20melhores%20op%C3%A7%C3%B5es%20para%20voc%C3%AA%20recuperar%20seu%20score%20de%20forma%20segura.%0A%0ACom%20o%20nome%20limpo%2C%20voc%C3%AA%20volta%20a%3A%20%0A%E2%9C%94%20Ter%20cr%C3%A9dito%20aprovado%20com%20mais%20facilidade%0A%E2%9C%94%20Comprar%20no%20boleto%2C%20cart%C3%A3o%20e%20financiar%0A%E2%9C%94%20Realizar%20seus%20projetos%20com%20tranquilidade%20financeira%0A%0ASe%20quiser%20entender%20como%20funciona%20e%20qual%20%C3%A9%20o%20melhor%20caminho%20para%20o%20seu%20caso%2C%20%C3%A9%20s%C3%B3%20me%20chamar.%0AVamos%20juntos%20colocar%20sua%20vida%20financeira%20em%20dia%20e%20abrir%20novas%C2%A0oportunidades%21
[DEBUG] Abrindo URL do WhatsApp...
[ERRO] Erro ao enviar para ClaudioGalvao: Message: invalid session id; For documentation on this error, please visit: https://www.selenium.dev/documentation/webdriver/troubleshooting/errors#invalidsessionidexception
Stacktrace:
Symbols not available. Dumping unresolved backtrace:
	0x7ff70543a235
	0x7ff705192650
	0x7ff704f214e5
	0x7ff704f6a151
	0x7ff704fa2a12
	0x7ff704f9d27c
	0x7ff704f9c46a
	0x7ff704eeacb5
	0x7ff705465d60
	0x7ff70545fe8a
	0x7ff705481005
	0x7ff7051ad73e
	0x7ff7051b4e3f
	0x7ff704ee977b
	0x7ff7055b45f8
	0x7ffc496fe8d7
	0x7ffc4adac53c
[MODO PORTAVEL] Usando perfil temporario (sera removido ao final)

[MODO PORTAVEL] Aguardando 20 segundos para voc√™ fazer login...
[INFO] Escaneie o QR Code se necess√°rio e aguarde o WhatsApp carregar.
[OK] Continuando com os envios...
Encontrados 18 contatos para processar
Template de mensagem: üìå Oportunidade para limpar seu nome e recuperar seu cr√©dito!

Ol√°!
Se voc√™ est√° com nome restrito ou score baixo, este √© o momento ideal para organizar sua vida financeira e voltar a ter acesso a cr√©dito no mercado.

Estou aqui para te orientar no processo de regulariza√ß√£o, te ajudar a limpar seu nome e te mostrar as melhores op√ß√µes para voc√™ recuperar seu score de forma segura.

Com o nome limpo, voc√™ volta a: 
‚úî Ter cr√©dito aprovado com mais facilidade
‚úî Comprar no boleto, cart√£o e financiar
‚úî Realizar seus projetos com tranquilidade financeira

Se quiser entender como funciona e qual √© o melhor caminho para o seu caso, √© s√≥ me chamar.
Vamos juntos colocar sua vida financeira em dia e abrir novas oportunidades!

[1/18] Enviando para: Luciana (556194489190)
[DEBUG] URL: https://web.whatsapp.com/send?phone=556194489190&text=%F0%9F%93%8C%20Oportunidade%20para%20limpar%20seu%20nome%20e%20recuperar%20seu%20cr%C3%A9dito%21%0A%0AOl%C3%A1%21%0ASe%20voc%C3%AA%20est%C3%A1%20com%20nome%20restrito%20ou%20score%20baixo%2C%20este%20%C3%A9%20o%20momento%20ideal%20para%20organizar%20sua%20vida%20financeira%20e%20voltar%20a%20ter%20acesso%20a%20cr%C3%A9dito%20no%20mercado.%0A%0AEstou%20aqui%20para%20te%20orientar%20no%20processo%20de%20regulariza%C3%A7%C3%A3o%2C%20te%20ajudar%20a%20limpar%20seu%20nome%20e%20te%20mostrar%20as%20melhores%20op%C3%A7%C3%B5es%20para%20voc%C3%AA%20recuperar%20seu%20score%20de%20forma%20segura.%0A%0ACom%20o%20nome%20limpo%2C%20voc%C3%AA%20volta%20a%3A%20%0A%E2%9C%94%20Ter%20cr%C3%A9dito%20aprovado%20com%20mais%20facilidade%0A%E2%9C%94%20Comprar%20no%20boleto%2C%20cart%C3%A3o%20e%20financiar%0A%E2%9C%94%20Realizar%20seus%20projetos%20com%20tranquilidade%20financeira%0A%0ASe%20quiser%20entender%20como%20funciona%20e%20qual%20%C3%A9%20o%20melhor%20caminho%20para%20o%20seu%20caso%2C%20%C3%A9%20s%C3%B3%20me%20chamar.%0AVamos%20juntos%20colocar%20sua%20vida%20financeira%20em%20dia%20e%20abrir%20novas%20oportunidades%21
[DEBUG] Abrindo URL do WhatsApp...
[DEBUG] P√°gina carregada, aguardando footer...
[DEBUG] Footer encontrado, chat aberto!
[DEBUG] Verificando mensagem pr√©-preenchida: üìå Oportunidade para limpar seu nome e recuperar se...
[DEBUG] Campo encontrado com seletor: //div[@contenteditable='true'][@data-tab='10']...
[DEBUG] Aguardando mensagem ser preenchida...
[AVISO] Texto pode n√£o estar completamente preenchido (esperado: 722, obtido: 739)
[AVISO] Continuando mesmo assim...
[DEBUG] Aguardando 5 segundos antes de enviar...
[DEBUG] Pressionando Enter para enviar...
[OK] Mensagem enviada com sucesso!
[OK] Mensagem enviada para: Luciana

[2/18] Enviando para: KauvinPereira (556192443759)
[DEBUG] URL: https://web.whatsapp.com/send?phone=556192443759&text=%F0%9F%93%8C%20Oportunidade%20para%20limpar%20seu%20nome%20e%20recuperar%20seu%20cr%C3%A9dito%21%0A%0AOl%C3%A1%21%0ASe%20voc%C3%AA%20est%C3%A1%20com%20nome%20restrito%20ou%20score%20baixo%2C%20este%20%C3%A9%20o%20momento%20ideal%20para%20organizar%20sua%20vida%20financeira%20e%20voltar%20a%20ter%20acesso%20a%20cr%C3%A9dito%20no%20mercado.%0A%0AEstou%20aqui%20para%20te%20orientar%20no%20processo%20de%20regulariza%C3%A7%C3%A3o%2C%20te%20ajudar%20a%20limpar%20seu%20nome%20e%20te%20mostrar%20as%20melhores%20op%C3%A7%C3%B5es%20para%20voc%C3%AA%20recuperar%20seu%20score%20de%20forma%20segura.%0A%0ACom%20o%20nome%20limpo%2C%20voc%C3%AA%20volta%20a%3A%20%0A%E2%9C%94%20Ter%20cr%C3%A9dito%20aprovado%20com%20mais%20facilidade%0A%E2%9C%94%20Comprar%20no%20boleto%2C%20cart%C3%A3o%20e%20financiar%0A%E2%9C%94%20Realizar%20seus%20projetos%20com%20tranquilidade%20financeira%0A%0ASe%20quiser%20entender%20como%20funciona%20e%20qual%20%C3%A9%20o%20melhor%20caminho%20para%20o%20seu%20caso%2C%20%C3%A9%20s%C3%B3%20me%20chamar.%0AVamos%20juntos%20colocar%20sua%20vida%20financeira%20em%20dia%20e%20abrir%20novas%20oportunidades%21
[DEBUG] Abrindo URL do WhatsApp...
[DEBUG] P√°gina carregada, aguardando footer...
[ERRO] Timeout ao abrir chat para KauvinPereira. Verifique se o n√∫mero est√° correto.
[DEBUG] Erro: Message: 
Stacktrace:
Symbols not available. Dumping unresolved backtrace:
	0x7ff70543a235
	0x7ff705192650
	0x7ff704f216dd
	0x7ff704f7a27e
	0x7ff704f7a58c
	0x7ff704fced77
	0x7ff704fcbaba
	0x7ff704f6b0ed
	0x7ff704f6bf63
	0x7ff705465d60
	0x7ff70545fe8a
	0x7ff705481005
	0x7ff7051ad73e
	0x7ff7051b4e3f
	0x7ff70519b7e4
	0x7ff70519b99f
	0x7ff705181908
	0x7ffc496fe8d7
	0x7ffc4adac53c


[3/18] Enviando para: BrunoJesus (556193702190)
[DEBUG] URL: https://web.whatsapp.com/send?phone=556193702190&text=%F0%9F%93%8C%20Oportunidade%20para%20limpar%20seu%20nome%20e%20recuperar%20seu%20cr%C3%A9dito%21%0A%0AOl%C3%A1%21%0ASe%20voc%C3%AA%20est%C3%A1%20com%20nome%20restrito%20ou%20score%20baixo%2C%20este%20%C3%A9%20o%20momento%20ideal%20para%20organizar%20sua%20vida%20financeira%20e%20voltar%20a%20ter%20acesso%20a%20cr%C3%A9dito%20no%20mercado.%0A%0AEstou%20aqui%20para%20te%20orientar%20no%20processo%20de%20regulariza%C3%A7%C3%A3o%2C%20te%20ajudar%20a%20limpar%20seu%20nome%20e%20te%20mostrar%20as%20melhores%20op%C3%A7%C3%B5es%20para%20voc%C3%AA%20recuperar%20seu%20score%20de%20forma%20segura.%0A%0ACom%20o%20nome%20limpo%2C%20voc%C3%AA%20volta%20a%3A%20%0A%E2%9C%94%20Ter%20cr%C3%A9dito%20aprovado%20com%20mais%20facilidade%0A%E2%9C%94%20Comprar%20no%20boleto%2C%20cart%C3%A3o%20e%20financiar%0A%E2%9C%94%20Realizar%20seus%20projetos%20com%20tranquilidade%20financeira%0A%0ASe%20quiser%20entender%20como%20funciona%20e%20qual%20%C3%A9%20o%20melhor%20caminho%20para%20o%20seu%20caso%2C%20%C3%A9%20s%C3%B3%20me%20chamar.%0AVamos%20juntos%20colocar%20sua%20vida%20financeira%20em%20dia%20e%20abrir%20novas%20oportunidades%21
[DEBUG] Abrindo URL do WhatsApp...
[DEBUG] P√°gina carregada, aguardando footer...
[DEBUG] Footer encontrado, chat aberto!
[DEBUG] Verificando mensagem pr√©-preenchida: üìå Oportunidade para limpar seu nome e recuperar se...
[DEBUG] Campo encontrado com seletor: //div[@contenteditable='true'][@data-tab='10']...
[DEBUG] Aguardando mensagem ser preenchida...
[AVISO] Texto pode n√£o estar completamente preenchido (esperado: 722, obtido: 739)
[AVISO] Continuando mesmo assim...
[DEBUG] Aguardando 5 segundos antes de enviar...
[DEBUG] Pressionando Enter para enviar...
[OK] Mensagem enviada com sucesso!
[OK] Mensagem enviada para: BrunoJesus

[4/18] Enviando para: deusnocomando (556191655692)
[DEBUG] URL: https://web.whatsapp.com/send?phone=556191655692&text=%F0%9F%93%8C%20Oportunidade%20para%20limpar%20seu%20nome%20e%20recuperar%20seu%20cr%C3%A9dito%21%0A%0AOl%C3%A1%21%0ASe%20voc%C3%AA%20est%C3%A1%20com%20nome%20restrito%20ou%20score%20baixo%2C%20este%20%C3%A9%20o%20momento%20ideal%20para%20organizar%20sua%20vida%20financeira%20e%20voltar%20a%20ter%20acesso%20a%20cr%C3%A9dito%20no%20mercado.%0A%0AEstou%20aqui%20para%20te%20orientar%20no%20processo%20de%20regulariza%C3%A7%C3%A3o%2C%20te%20ajudar%20a%20limpar%20seu%20nome%20e%20te%20mostrar%20as%20melhores%20op%C3%A7%C3%B5es%20para%20voc%C3%AA%20recuperar%20seu%20score%20de%20forma%20segura.%0A%0ACom%20o%20nome%20limpo%2C%20voc%C3%AA%20volta%20a%3A%20%0A%E2%9C%94%20Ter%20cr%C3%A9dito%20aprovado%20com%20mais%20facilidade%0A%E2%9C%94%20Comprar%20no%20boleto%2C%20cart%C3%A3o%20e%20financiar%0A%E2%9C%94%20Realizar%20seus%20projetos%20com%20tranquilidade%20financeira%0A%0ASe%20quiser%20entender%20como%20funciona%20e%20qual%20%C3%A9%20o%20melhor%20caminho%20para%20o%20seu%20caso%2C%20%C3%A9%20s%C3%B3%20me%20chamar.%0AVamos%20juntos%20colocar%20sua%20vida%20financeira%20em%20dia%20e%20abrir%20novas%20oportunidades%21
[DEBUG] Abrindo URL do WhatsApp...
[DEBUG] P√°gina carregada, aguardando footer...
[DEBUG] Footer encontrado, chat aberto!
[DEBUG] Verificando mensagem pr√©-preenchida: üìå Oportunidade para limpar seu nome e recuperar se...
[DEBUG] Campo encontrado com seletor: //div[@contenteditable='true'][@data-tab='10']...
[DEBUG] Aguardando mensagem ser preenchida...
[AVISO] Texto pode n√£o estar completamente preenchido (esperado: 722, obtido: 739)
[AVISO] Continuando mesmo assim...
[DEBUG] Aguardando 5 segundos antes de enviar...
[DEBUG] Pressionando Enter para enviar...
[OK] Mensagem enviada com sucesso!
[OK] Mensagem enviada para: deusnocomando

[5/18] Enviando para: Thais (556182051672)
[DEBUG] URL: https://web.whatsapp.com/send?phone=556182051672&text=%F0%9F%93%8C%20Oportunidade%20para%20limpar%20seu%20nome%20e%20recuperar%20seu%20cr%C3%A9dito%21%0A%0AOl%C3%A1%21%0ASe%20voc%C3%AA%20est%C3%A1%20com%20nome%20restrito%20ou%20score%20baixo%2C%20este%20%C3%A9%20o%20momento%20ideal%20para%20organizar%20sua%20vida%20financeira%20e%20voltar%20a%20ter%20acesso%20a%20cr%C3%A9dito%20no%20mercado.%0A%0AEstou%20aqui%20para%20te%20orientar%20no%20processo%20de%20regulariza%C3%A7%C3%A3o%2C%20te%20ajudar%20a%20limpar%20seu%20nome%20e%20te%20mostrar%20as%20melhores%20op%C3%A7%C3%B5es%20para%20voc%C3%AA%20recuperar%20seu%20score%20de%20forma%20segura.%0A%0ACom%20o%20nome%20limpo%2C%20voc%C3%AA%20volta%20a%3A%20%0A%E2%9C%94%20Ter%20cr%C3%A9dito%20aprovado%20com%20mais%20facilidade%0A%E2%9C%94%20Comprar%20no%20boleto%2C%20cart%C3%A3o%20e%20financiar%0A%E2%9C%94%20Realizar%20seus%20projetos%20com%20tranquilidade%20financeira%0A%0ASe%20quiser%20entender%20como%20funciona%20e%20qual%20%C3%A9%20o%20melhor%20caminho%20para%20o%20seu%20caso%2C%20%C3%A9%20s%C3%B3%20me%20chamar.%0AVamos%20juntos%20colocar%20sua%20vida%20financeira%20em%20dia%20e%20abrir%20novas%20oportunidades%21
[DEBUG] Abrindo URL do WhatsApp...
[DEBUG] P√°gina carregada, aguardando footer...
[DEBUG] Footer encontrado, chat aberto!
[DEBUG] Verificando mensagem pr√©-preenchida: üìå Oportunidade para limpar seu nome e recuperar se...
[DEBUG] Campo encontrado com seletor: //div[@contenteditable='true'][@data-tab='10']...
[DEBUG] Aguardando mensagem ser preenchida...
[AVISO] Texto pode n√£o estar completamente preenchido (esperado: 722, obtido: 739)
[AVISO] Continuando mesmo assim...
[DEBUG] Aguardando 5 segundos antes de enviar...
[DEBUG] Pressionando Enter para enviar...
[OK] Mensagem enviada com sucesso!
[OK] Mensagem enviada para: Thais

[6/18] Enviando para: WandersonAlves (556198017704)
[DEBUG] URL: https://web.whatsapp.com/send?phone=556198017704&text=%F0%9F%93%8C%20Oportunidade%20para%20limpar%20seu%20nome%20e%20recuperar%20seu%20cr%C3%A9dito%21%0A%0AOl%C3%A1%21%0ASe%20voc%C3%AA%20est%C3%A1%20com%20nome%20restrito%20ou%20score%20baixo%2C%20este%20%C3%A9%20o%20momento%20ideal%20para%20organizar%20sua%20vida%20financeira%20e%20voltar%20a%20ter%20acesso%20a%20cr%C3%A9dito%20no%20mercado.%0A%0AEstou%20aqui%20para%20te%20orientar%20no%20processo%20de%20regulariza%C3%A7%C3%A3o%2C%20te%20ajudar%20a%20limpar%20seu%20nome%20e%20te%20mostrar%20as%20melhores%20op%C3%A7%C3%B5es%20para%20voc%C3%AA%20recuperar%20seu%20score%20de%20forma%20segura.%0A%0ACom%20o%20nome%20limpo%2C%20voc%C3%AA%20volta%20a%3A%20%0A%E2%9C%94%20Ter%20cr%C3%A9dito%20aprovado%20com%20mais%20facilidade%0A%E2%9C%94%20Comprar%20no%20boleto%2C%20cart%C3%A3o%20e%20financiar%0A%E2%9C%94%20Realizar%20seus%20projetos%20com%20tranquilidade%20financeira%0A%0ASe%20quiser%20entender%20como%20funciona%20e%20qual%20%C3%A9%20o%20melhor%20caminho%20para%20o%20seu%20caso%2C%20%C3%A9%20s%C3%B3%20me%20chamar.%0AVamos%20juntos%20colocar%20sua%20vida%20financeira%20em%20dia%20e%20abrir%20novas%20oportunidades%21
[DEBUG] Abrindo URL do WhatsApp...
[DEBUG] P√°gina carregada, aguardando footer...
[DEBUG] Footer encontrado, chat aberto!
[DEBUG] Verificando mensagem pr√©-preenchida: üìå Oportunidade para limpar seu nome e recuperar se...
[DEBUG] Campo encontrado com seletor: //div[@contenteditable='true'][@data-tab='10']...
[DEBUG] Aguardando mensagem ser preenchida...
[AVISO] Texto pode n√£o estar completamente preenchido (esperado: 722, obtido: 739)
[AVISO] Continuando mesmo assim...
[DEBUG] Aguardando 5 segundos antes de enviar...
[DEBUG] Pressionando Enter para enviar...
[OK] Mensagem enviada com sucesso!
[OK] Mensagem enviada para: WandersonAlves

[7/18] Enviando para: Marcos (556192471001)
[DEBUG] URL: https://web.whatsapp.com/send?phone=556192471001&text=%F0%9F%93%8C%20Oportunidade%20para%20limpar%20seu%20nome%20e%20recuperar%20seu%20cr%C3%A9dito%21%0A%0AOl%C3%A1%21%0ASe%20voc%C3%AA%20est%C3%A1%20com%20nome%20restrito%20ou%20score%20baixo%2C%20este%20%C3%A9%20o%20momento%20ideal%20para%20organizar%20sua%20vida%20financeira%20e%20voltar%20a%20ter%20acesso%20a%20cr%C3%A9dito%20no%20mercado.%0A%0AEstou%20aqui%20para%20te%20orientar%20no%20processo%20de%20regulariza%C3%A7%C3%A3o%2C%20te%20ajudar%20a%20limpar%20seu%20nome%20e%20te%20mostrar%20as%20melhores%20op%C3%A7%C3%B5es%20para%20voc%C3%AA%20recuperar%20seu%20score%20de%20forma%20segura.%0A%0ACom%20o%20nome%20limpo%2C%20voc%C3%AA%20volta%20a%3A%20%0A%E2%9C%94%20Ter%20cr%C3%A9dito%20aprovado%20com%20mais%20facilidade%0A%E2%9C%94%20Comprar%20no%20boleto%2C%20cart%C3%A3o%20e%20financiar%0A%E2%9C%94%20Realizar%20seus%20projetos%20com%20tranquilidade%20financeira%0A%0ASe%20quiser%20entender%20como%20funciona%20e%20qual%20%C3%A9%20o%20melhor%20caminho%20para%20o%20seu%20caso%2C%20%C3%A9%20s%C3%B3%20me%20chamar.%0AVamos%20juntos%20colocar%20sua%20vida%20financeira%20em%20dia%20e%20abrir%20novas%20oportunidades%21
[DEBUG] Abrindo URL do WhatsApp...
[DEBUG] P√°gina carregada, aguardando footer...
[DEBUG] Footer encontrado, chat aberto!
[DEBUG] Verificando mensagem pr√©-preenchida: üìå Oportunidade para limpar seu nome e recuperar se...
[DEBUG] Campo encontrado com seletor: //div[@contenteditable='true'][@data-tab='10']...
[DEBUG] Aguardando mensagem ser preenchida...
[AVISO] Texto pode n√£o estar completamente preenchido (esperado: 722, obtido: 739)
[AVISO] Continuando mesmo assim...
[DEBUG] Aguardando 5 segundos antes de enviar...
[DEBUG] Pressionando Enter para enviar...
[OK] Mensagem enviada com sucesso!
[OK] Mensagem enviada para: Marcos

[8/18] Enviando para: Marcela (553597226097)
[DEBUG] URL: https://web.whatsapp.com/send?phone=553597226097&text=%F0%9F%93%8C%20Oportunidade%20para%20limpar%20seu%20nome%20e%20recuperar%20seu%20cr%C3%A9dito%21%0A%0AOl%C3%A1%21%0ASe%20voc%C3%AA%20est%C3%A1%20com%20nome%20restrito%20ou%20score%20baixo%2C%20este%20%C3%A9%20o%20momento%20ideal%20para%20organizar%20sua%20vida%20financeira%20e%20voltar%20a%20ter%20acesso%20a%20cr%C3%A9dito%20no%20mercado.%0A%0AEstou%20aqui%20para%20te%20orientar%20no%20processo%20de%20regulariza%C3%A7%C3%A3o%2C%20te%20ajudar%20a%20limpar%20seu%20nome%20e%20te%20mostrar%20as%20melhores%20op%C3%A7%C3%B5es%20para%20voc%C3%AA%20recuperar%20seu%20score%20de%20forma%20segura.%0A%0ACom%20o%20nome%20limpo%2C%20voc%C3%AA%20volta%20a%3A%20%0A%E2%9C%94%20Ter%20cr%C3%A9dito%20aprovado%20com%20mais%20facilidade%0A%E2%9C%94%20Comprar%20no%20boleto%2C%20cart%C3%A3o%20e%20financiar%0A%E2%9C%94%20Realizar%20seus%20projetos%20com%20tranquilidade%20financeira%0A%0ASe%20quiser%20entender%20como%20funciona%20e%20qual%20%C3%A9%20o%20melhor%20caminho%20para%20o%20seu%20caso%2C%20%C3%A9%20s%C3%B3%20me%20chamar.%0AVamos%20juntos%20colocar%20sua%20vida%20financeira%20em%20dia%20e%20abrir%20novas%20oportunidades%21
[DEBUG] Abrindo URL do WhatsApp...
[DEBUG] P√°gina carregada, aguardando footer...
[DEBUG] Footer encontrado, chat aberto!
[DEBUG] Verificando mensagem pr√©-preenchida: üìå Oportunidade para limpar seu nome e recuperar se...
[DEBUG] Campo encontrado com seletor: //div[@contenteditable='true'][@data-tab='10']...
[DEBUG] Aguardando mensagem ser preenchida...
[AVISO] Texto pode n√£o estar completamente preenchido (esperado: 722, obtido: 739)
[AVISO] Continuando mesmo assim...
[DEBUG] Aguardando 5 segundos antes de enviar...
[DEBUG] Pressionando Enter para enviar...
[OK] Mensagem enviada com sucesso!
[OK] Mensagem enviada para: Marcela

[9/18] Enviando para: RdMag (556194328744)
[DEBUG] URL: https://web.whatsapp.com/send?phone=556194328744&text=%F0%9F%93%8C%20Oportunidade%20para%20limpar%20seu%20nome%20e%20recuperar%20seu%20cr%C3%A9dito%21%0A%0AOl%C3%A1%21%0ASe%20voc%C3%AA%20est%C3%A1%20com%20nome%20restrito%20ou%20score%20baixo%2C%20este%20%C3%A9%20o%20momento%20ideal%20para%20organizar%20sua%20vida%20financeira%20e%20voltar%20a%20ter%20acesso%20a%20cr%C3%A9dito%20no%20mercado.%0A%0AEstou%20aqui%20para%20te%20orientar%20no%20processo%20de%20regulariza%C3%A7%C3%A3o%2C%20te%20ajudar%20a%20limpar%20seu%20nome%20e%20te%20mostrar%20as%20melhores%20op%C3%A7%C3%B5es%20para%20voc%C3%AA%20recuperar%20seu%20score%20de%20forma%20segura.%0A%0ACom%20o%20nome%20limpo%2C%20voc%C3%AA%20volta%20a%3A%20%0A%E2%9C%94%20Ter%20cr%C3%A9dito%20aprovado%20com%20mais%20facilidade%0A%E2%9C%94%20Comprar%20no%20boleto%2C%20cart%C3%A3o%20e%20financiar%0A%E2%9C%94%20Realizar%20seus%20projetos%20com%20tranquilidade%20financeira%0A%0ASe%20quiser%20entender%20como%20funciona%20e%20qual%20%C3%A9%20o%20melhor%20caminho%20para%20o%20seu%20caso%2C%20%C3%A9%20s%C3%B3%20me%20chamar.%0AVamos%20juntos%20colocar%20sua%20vida%20financeira%20em%20dia%20e%20abrir%20novas%20oportunidades%21
[DEBUG] Abrindo URL do WhatsApp...
[DEBUG] P√°gina carregada, aguardando footer...
[DEBUG] Footer encontrado, chat aberto!
[DEBUG] Verificando mensagem pr√©-preenchida: üìå Oportunidade para limpar seu nome e recuperar se...
[DEBUG] Campo encontrado com seletor: //div[@contenteditable='true'][@data-tab='10']...
[DEBUG] Aguardando mensagem ser preenchida...
[AVISO] Texto pode n√£o estar completamente preenchido (esperado: 722, obtido: 739)
[AVISO] Continuando mesmo assim...
[DEBUG] Aguardando 5 segundos antes de enviar...
[DEBUG] Pressionando Enter para enviar...
[OK] Mensagem enviada com sucesso!
[OK] Mensagem enviada para: RdMag

[10/18] Enviando para: Maycon (553891025028)
[DEBUG] URL: https://web.whatsapp.com/send?phone=553891025028&text=%F0%9F%93%8C%20Oportunidade%20para%20limpar%20seu%20nome%20e%20recuperar%20seu%20cr%C3%A9dito%21%0A%0AOl%C3%A1%21%0ASe%20voc%C3%AA%20est%C3%A1%20com%20nome%20restrito%20ou%20score%20baixo%2C%20este%20%C3%A9%20o%20momento%20ideal%20para%20organizar%20sua%20vida%20financeira%20e%20voltar%20a%20ter%20acesso%20a%20cr%C3%A9dito%20no%20mercado.%0A%0AEstou%20aqui%20para%20te%20orientar%20no%20processo%20de%20regulariza%C3%A7%C3%A3o%2C%20te%20ajudar%20a%20limpar%20seu%20nome%20e%20te%20mostrar%20as%20melhores%20op%C3%A7%C3%B5es%20para%20voc%C3%AA%20recuperar%20seu%20score%20de%20forma%20segura.%0A%0ACom%20o%20nome%20limpo%2C%20voc%C3%AA%20volta%20a%3A%20%0A%E2%9C%94%20Ter%20cr%C3%A9dito%20aprovado%20com%20mais%20facilidade%0A%E2%9C%94%20Comprar%20no%20boleto%2C%20cart%C3%A3o%20e%20financiar%0A%E2%9C%94%20Realizar%20seus%20projetos%20com%20tranquilidade%20financeira%0A%0ASe%20quiser%20entender%20como%20funciona%20e%20qual%20%C3%A9%20o%20melhor%20caminho%20para%20o%20seu%20caso%2C%20%C3%A9%20s%C3%B3%20me%20chamar.%0AVamos%20juntos%20colocar%20sua%20vida%20financeira%20em%20dia%20e%20abrir%20novas%20oportunidades%21
[DEBUG] Abrindo URL do WhatsApp...
[DEBUG] P√°gina carregada, aguardando footer...
[DEBUG] Footer encontrado, chat aberto!
[DEBUG] Verificando mensagem pr√©-preenchida: üìå Oportunidade para limpar seu nome e recuperar se...
[DEBUG] Campo encontrado com seletor: //div[@contenteditable='true'][@data-tab='10']...
[DEBUG] Aguardando mensagem ser preenchida...
[AVISO] Texto pode n√£o estar completamente preenchido (esperado: 722, obtido: 739)
[AVISO] Continuando mesmo assim...
[DEBUG] Aguardando 5 segundos antes de enviar...
[DEBUG] Pressionando Enter para enviar...
[OK] Mensagem enviada com sucesso!
[OK] Mensagem enviada para: Maycon

[11/18] Enviando para: Jeverson (553884365578)
[DEBUG] URL: https://web.whatsapp.com/send?phone=553884365578&text=%F0%9F%93%8C%20Oportunidade%20para%20limpar%20seu%20nome%20e%20recuperar%20seu%20cr%C3%A9dito%21%0A%0AOl%C3%A1%21%0ASe%20voc%C3%AA%20est%C3%A1%20com%20nome%20restrito%20ou%20score%20baixo%2C%20este%20%C3%A9%20o%20momento%20ideal%20para%20organizar%20sua%20vida%20financeira%20e%20voltar%20a%20ter%20acesso%20a%20cr%C3%A9dito%20no%20mercado.%0A%0AEstou%20aqui%20para%20te%20orientar%20no%20processo%20de%20regulariza%C3%A7%C3%A3o%2C%20te%20ajudar%20a%20limpar%20seu%20nome%20e%20te%20mostrar%20as%20melhores%20op%C3%A7%C3%B5es%20para%20voc%C3%AA%20recuperar%20seu%20score%20de%20forma%20segura.%0A%0ACom%20o%20nome%20limpo%2C%20voc%C3%AA%20volta%20a%3A%20%0A%E2%9C%94%20Ter%20cr%C3%A9dito%20aprovado%20com%20mais%20facilidade%0A%E2%9C%94%20Comprar%20no%20boleto%2C%20cart%C3%A3o%20e%20financiar%0A%E2%9C%94%20Realizar%20seus%20projetos%20com%20tranquilidade%20financeira%0A%0ASe%20quiser%20entender%20como%20funciona%20e%20qual%20%C3%A9%20o%20melhor%20caminho%20para%20o%20seu%20caso%2C%20%C3%A9%20s%C3%B3%20me%20chamar.%0AVamos%20juntos%20colocar%20sua%20vida%20financeira%20em%20dia%20e%20abrir%20novas%20oportunidades%21
[DEBUG] Abrindo URL do WhatsApp...
[DEBUG] P√°gina carregada, aguardando footer...
[DEBUG] Footer encontrado, chat aberto!
[DEBUG] Verificando mensagem pr√©-preenchida: üìå Oportunidade para limpar seu nome e recuperar se...
[DEBUG] Campo encontrado com seletor: //div[@contenteditable='true'][@data-tab='10']...
[DEBUG] Aguardando mensagem ser preenchida...
[AVISO] Texto pode n√£o estar completamente preenchido (esperado: 722, obtido: 739)
[AVISO] Continuando mesmo assim...
[DEBUG] Aguardando 5 segundos antes de enviar...
[DEBUG] Pressionando Enter para enviar...
[OK] Mensagem enviada com sucesso!
[OK] Mensagem enviada para: Jeverson

[12/18] Enviando para: Cristina (551171782000)
[DEBUG] URL: https://web.whatsapp.com/send?phone=551171782000&text=%F0%9F%93%8C%20Oportunidade%20para%20limpar%20seu%20nome%20e%20recuperar%20seu%20cr%C3%A9dito%21%0A%0AOl%C3%A1%21%0ASe%20voc%C3%AA%20est%C3%A1%20com%20nome%20restrito%20ou%20score%20baixo%2C%20este%20%C3%A9%20o%20momento%20ideal%20para%20organizar%20sua%20vida%20financeira%20e%20voltar%20a%20ter%20acesso%20a%20cr%C3%A9dito%20no%20mercado.%0A%0AEstou%20aqui%20para%20te%20orientar%20no%20processo%20de%20regulariza%C3%A7%C3%A3o%2C%20te%20ajudar%20a%20limpar%20seu%20nome%20e%20te%20mostrar%20as%20melhores%20op%C3%A7%C3%B5es%20para%20voc%C3%AA%20recuperar%20seu%20score%20de%20forma%20segura.%0A%0ACom%20o%20nome%20limpo%2C%20voc%C3%AA%20volta%20a%3A%20%0A%E2%9C%94%20Ter%20cr%C3%A9dito%20aprovado%20com%20mais%20facilidade%0A%E2%9C%94%20Comprar%20no%20boleto%2C%20cart%C3%A3o%20e%20financiar%0A%E2%9C%94%20Realizar%20seus%20projetos%20com%20tranquilidade%20financeira%0A%0ASe%20quiser%20entender%20como%20funciona%20e%20qual%20%C3%A9%20o%20melhor%20caminho%20para%20o%20seu%20caso%2C%20%C3%A9%20s%C3%B3%20me%20chamar.%0AVamos%20juntos%20colocar%20sua%20vida%20financeira%20em%20dia%20e%20abrir%20novas%20oportunidades%21
[DEBUG] Abrindo URL do WhatsApp...
[DEBUG] P√°gina carregada, aguardando footer...
[DEBUG] Footer encontrado, chat aberto!
[DEBUG] Verificando mensagem pr√©-preenchida: üìå Oportunidade para limpar seu nome e recuperar se...
[DEBUG] Campo encontrado com seletor: //div[@contenteditable='true'][@data-tab='10']...
[DEBUG] Aguardando mensagem ser preenchida...
[AVISO] Texto pode n√£o estar completamente preenchido (esperado: 722, obtido: 739)
[AVISO] Continuando mesmo assim...
[DEBUG] Aguardando 5 segundos antes de enviar...
[DEBUG] Pressionando Enter para enviar...
[OK] Mensagem enviada com sucesso!
[OK] Mensagem enviada para: Cristina

[13/18] Enviando para: Daniele (553892696637)
[DEBUG] URL: https://web.whatsapp.com/send?phone=553892696637&text=%F0%9F%93%8C%20Oportunidade%20para%20limpar%20seu%20nome%20e%20recuperar%20seu%20cr%C3%A9dito%21%0A%0AOl%C3%A1%21%0ASe%20voc%C3%AA%20est%C3%A1%20com%20nome%20restrito%20ou%20score%20baixo%2C%20este%20%C3%A9%20o%20momento%20ideal%20para%20organizar%20sua%20vida%20financeira%20e%20voltar%20a%20ter%20acesso%20a%20cr%C3%A9dito%20no%20mercado.%0A%0AEstou%20aqui%20para%20te%20orientar%20no%20processo%20de%20regulariza%C3%A7%C3%A3o%2C%20te%20ajudar%20a%20limpar%20seu%20nome%20e%20te%20mostrar%20as%20melhores%20op%C3%A7%C3%B5es%20para%20voc%C3%AA%20recuperar%20seu%20score%20de%20forma%20segura.%0A%0ACom%20o%20nome%20limpo%2C%20voc%C3%AA%20volta%20a%3A%20%0A%E2%9C%94%20Ter%20cr%C3%A9dito%20aprovado%20com%20mais%20facilidade%0A%E2%9C%94%20Comprar%20no%20boleto%2C%20cart%C3%A3o%20e%20financiar%0A%E2%9C%94%20Realizar%20seus%20projetos%20com%20tranquilidade%20financeira%0A%0ASe%20quiser%20entender%20como%20funciona%20e%20qual%20%C3%A9%20o%20melhor%20caminho%20para%20o%20seu%20caso%2C%20%C3%A9%20s%C3%B3%20me%20chamar.%0AVamos%20juntos%20colocar%20sua%20vida%20financeira%20em%20dia%20e%20abrir%20novas%20oportunidades%21
[DEBUG] Abrindo URL do WhatsApp...
[DEBUG] P√°gina carregada, aguardando footer...
[DEBUG] Footer encontrado, chat aberto!
[DEBUG] Verificando mensagem pr√©-preenchida: üìå Oportunidade para limpar seu nome e recuperar se...
[DEBUG] Campo encontrado com seletor: //div[@contenteditable='true'][@data-tab='10']...
[DEBUG] Aguardando mensagem ser preenchida...
[AVISO] Texto pode n√£o estar completamente preenchido (esperado: 722, obtido: 739)
[AVISO] Continuando mesmo assim...
[DEBUG] Aguardando 5 segundos antes de enviar...
[DEBUG] Pressionando Enter para enviar...
[OK] Mensagem enviada com sucesso!
[OK] Mensagem enviada para: Daniele

[14/18] Enviando para: Lucas (553898980832)
[DEBUG] URL: https://web.whatsapp.com/send?phone=553898980832&text=%F0%9F%93%8C%20Oportunidade%20para%20limpar%20seu%20nome%20e%20recuperar%20seu%20cr%C3%A9dito%21%0A%0AOl%C3%A1%21%0ASe%20voc%C3%AA%20est%C3%A1%20com%20nome%20restrito%20ou%20score%20baixo%2C%20este%20%C3%A9%20o%20momento%20ideal%20para%20organizar%20sua%20vida%20financeira%20e%20voltar%20a%20ter%20acesso%20a%20cr%C3%A9dito%20no%20mercado.%0A%0AEstou%20aqui%20para%20te%20orientar%20no%20processo%20de%20regulariza%C3%A7%C3%A3o%2C%20te%20ajudar%20a%20limpar%20seu%20nome%20e%20te%20mostrar%20as%20melhores%20op%C3%A7%C3%B5es%20para%20voc%C3%AA%20recuperar%20seu%20score%20de%20forma%20segura.%0A%0ACom%20o%20nome%20limpo%2C%20voc%C3%AA%20volta%20a%3A%20%0A%E2%9C%94%20Ter%20cr%C3%A9dito%20aprovado%20com%20mais%20facilidade%0A%E2%9C%94%20Comprar%20no%20boleto%2C%20cart%C3%A3o%20e%20financiar%0A%E2%9C%94%20Realizar%20seus%20projetos%20com%20tranquilidade%20financeira%0A%0ASe%20quiser%20entender%20como%20funciona%20e%20qual%20%C3%A9%20o%20melhor%20caminho%20para%20o%20seu%20caso%2C%20%C3%A9%20s%C3%B3%20me%20chamar.%0AVamos%20juntos%20colocar%20sua%20vida%20financeira%20em%20dia%20e%20abrir%20novas%20oportunidades%21
[DEBUG] Abrindo URL do WhatsApp...
[DEBUG] P√°gina carregada, aguardando footer...
[DEBUG] Footer encontrado, chat aberto!
[DEBUG] Verificando mensagem pr√©-preenchida: üìå Oportunidade para limpar seu nome e recuperar se...
[DEBUG] Campo encontrado com seletor: //div[@contenteditable='true'][@data-tab='10']...
[DEBUG] Aguardando mensagem ser preenchida...
[AVISO] Texto pode n√£o estar completamente preenchido (esperado: 722, obtido: 739)
[AVISO] Continuando mesmo assim...
[DEBUG] Aguardando 5 segundos antes de enviar...
[DEBUG] Pressionando Enter para enviar...
[OK] Mensagem enviada com sucesso!
[OK] Mensagem enviada para: Lucas

[15/18] Enviando para: Marcelo (554399779593)
[DEBUG] URL: https://web.whatsapp.com/send?phone=554399779593&text=%F0%9F%93%8C%20Oportunidade%20para%20limpar%20seu%20nome%20e%20recuperar%20seu%20cr%C3%A9dito%21%0A%0AOl%C3%A1%21%0ASe%20voc%C3%AA%20est%C3%A1%20com%20nome%20restrito%20ou%20score%20baixo%2C%20este%20%C3%A9%20o%20momento%20ideal%20para%20organizar%20sua%20vida%20financeira%20e%20voltar%20a%20ter%20acesso%20a%20cr%C3%A9dito%20no%20mercado.%0A%0AEstou%20aqui%20para%20te%20orientar%20no%20processo%20de%20regulariza%C3%A7%C3%A3o%2C%20te%20ajudar%20a%20limpar%20seu%20nome%20e%20te%20mostrar%20as%20melhores%20op%C3%A7%C3%B5es%20para%20voc%C3%AA%20recuperar%20seu%20score%20de%20forma%20segura.%0A%0ACom%20o%20nome%20limpo%2C%20voc%C3%AA%20volta%20a%3A%20%0A%E2%9C%94%20Ter%20cr%C3%A9dito%20aprovado%20com%20mais%20facilidade%0A%E2%9C%94%20Comprar%20no%20boleto%2C%20cart%C3%A3o%20e%20financiar%0A%E2%9C%94%20Realizar%20seus%20projetos%20com%20tranquilidade%20financeira%0A%0ASe%20quiser%20entender%20como%20funciona%20e%20qual%20%C3%A9%20o%20melhor%20caminho%20para%20o%20seu%20caso%2C%20%C3%A9%20s%C3%B3%20me%20chamar.%0AVamos%20juntos%20colocar%20sua%20vida%20financeira%20em%20dia%20e%20abrir%20novas%20oportunidades%21
[DEBUG] Abrindo URL do WhatsApp...
[DEBUG] P√°gina carregada, aguardando footer...
[DEBUG] Footer encontrado, chat aberto!
[DEBUG] Verificando mensagem pr√©-preenchida: üìå Oportunidade para limpar seu nome e recuperar se...
[DEBUG] Aguardando mensagem ser preenchida...
[AVISO] Texto pode n√£o estar completamente preenchido (esperado: 722, obtido: 739)
[AVISO] Continuando mesmo assim...
[DEBUG] Aguardando 5 segundos antes de enviar...
[DEBUG] Pressionando Enter para enviar...
[OK] Mensagem enviada com sucesso!
[OK] Mensagem enviada para: Marcelo

[16/18] Enviando para: Genildodelima (551170328923)
[DEBUG] URL: https://web.whatsapp.com/send?phone=551170328923&text=%F0%9F%93%8C%20Oportunidade%20para%20limpar%20seu%20nome%20e%20recuperar%20seu%20cr%C3%A9dito%21%0A%0AOl%C3%A1%21%0ASe%20voc%C3%AA%20est%C3%A1%20com%20nome%20restrito%20ou%20score%20baixo%2C%20este%20%C3%A9%20o%20momento%20ideal%20para%20organizar%20sua%20vida%20financeira%20e%20voltar%20a%20ter%20acesso%20a%20cr%C3%A9dito%20no%20mercado.%0A%0AEstou%20aqui%20para%20te%20orientar%20no%20processo%20de%20regulariza%C3%A7%C3%A3o%2C%20te%20ajudar%20a%20limpar%20seu%20nome%20e%20te%20mostrar%20as%20melhores%20op%C3%A7%C3%B5es%20para%20voc%C3%AA%20recuperar%20seu%20score%20de%20forma%20segura.%0A%0ACom%20o%20nome%20limpo%2C%20voc%C3%AA%20volta%20a%3A%20%0A%E2%9C%94%20Ter%20cr%C3%A9dito%20aprovado%20com%20mais%20facilidade%0A%E2%9C%94%20Comprar%20no%20boleto%2C%20cart%C3%A3o%20e%20financiar%0A%E2%9C%94%20Realizar%20seus%20projetos%20com%20tranquilidade%20financeira%0A%0ASe%20quiser%20entender%20como%20funciona%20e%20qual%20%C3%A9%20o%20melhor%20caminho%20para%20o%20seu%20caso%2C%20%C3%A9%20s%C3%B3%20me%20chamar.%0AVamos%20juntos%20colocar%20sua%20vida%20financeira%20em%20dia%20e%20abrir%20novas%20oportunidades%21
[DEBUG] Abrindo URL do WhatsApp...
[DEBUG] P√°gina carregada, aguardando footer...
[DEBUG] Footer encontrado, chat aberto!
[DEBUG] Verificando mensagem pr√©-preenchida: üìå Oportunidade para limpar seu nome e recuperar se...
[DEBUG] Campo encontrado com seletor: //div[@contenteditable='true'][@data-tab='10']...
[DEBUG] Aguardando mensagem ser preenchida...
[AVISO] Texto pode n√£o estar completamente preenchido (esperado: 722, obtido: 739)
[AVISO] Continuando mesmo assim...
[DEBUG] Aguardando 5 segundos antes de enviar...
[DEBUG] Pressionando Enter para enviar...
[OK] Mensagem enviada com sucesso!
[OK] Mensagem enviada para: Genildodelima

[17/18] Enviando para: Rog√©rio (551169573611)
[DEBUG] URL: https://web.whatsapp.com/send?phone=551169573611&text=%F0%9F%93%8C%20Oportunidade%20para%20limpar%20seu%20nome%20e%20recuperar%20seu%20cr%C3%A9dito%21%0A%0AOl%C3%A1%21%0ASe%20voc%C3%AA%20est%C3%A1%20com%20nome%20restrito%20ou%20score%20baixo%2C%20este%20%C3%A9%20o%20momento%20ideal%20para%20organizar%20sua%20vida%20financeira%20e%20voltar%20a%20ter%20acesso%20a%20cr%C3%A9dito%20no%20mercado.%0A%0AEstou%20aqui%20para%20te%20orientar%20no%20processo%20de%20regulariza%C3%A7%C3%A3o%2C%20te%20ajudar%20a%20limpar%20seu%20nome%20e%20te%20mostrar%20as%20melhores%20op%C3%A7%C3%B5es%20para%20voc%C3%AA%20recuperar%20seu%20score%20de%20forma%20segura.%0A%0ACom%20o%20nome%20limpo%2C%20voc%C3%AA%20volta%20a%3A%20%0A%E2%9C%94%20Ter%20cr%C3%A9dito%20aprovado%20com%20mais%20facilidade%0A%E2%9C%94%20Comprar%20no%20boleto%2C%20cart%C3%A3o%20e%20financiar%0A%E2%9C%94%20Realizar%20seus%20projetos%20com%20tranquilidade%20financeira%0A%0ASe%20quiser%20entender%20como%20funciona%20e%20qual%20%C3%A9%20o%20melhor%20caminho%20para%20o%20seu%20caso%2C%20%C3%A9%20s%C3%B3%20me%20chamar.%0AVamos%20juntos%20colocar%20sua%20vida%20financeira%20em%20dia%20e%20abrir%20novas%20oportunidades%21
[DEBUG] Abrindo URL do WhatsApp...
[DEBUG] P√°gina carregada, aguardando footer...
[DEBUG] Footer encontrado, chat aberto!
[DEBUG] Verificando mensagem pr√©-preenchida: üìå Oportunidade para limpar seu nome e recuperar se...
[DEBUG] Campo encontrado com seletor: //div[@contenteditable='true'][@data-tab='10']...
[DEBUG] Aguardando mensagem ser preenchida...
[AVISO] Texto pode n√£o estar completamente preenchido (esperado: 722, obtido: 739)
[AVISO] Continuando mesmo assim...
[DEBUG] Aguardando 5 segundos antes de enviar...
[DEBUG] Pressionando Enter para enviar...
[OK] Mensagem enviada com sucesso!
[OK] Mensagem enviada para: Rog√©rio

[18/18] Enviando para: Lucilene (554396247848)
[DEBUG] URL: https://web.whatsapp.com/send?phone=554396247848&text=%F0%9F%93%8C%20Oportunidade%20para%20limpar%20seu%20nome%20e%20recuperar%20seu%20cr%C3%A9dito%21%0A%0AOl%C3%A1%21%0ASe%20voc%C3%AA%20est%C3%A1%20com%20nome%20restrito%20ou%20score%20baixo%2C%20este%20%C3%A9%20o%20momento%20ideal%20para%20organizar%20sua%20vida%20financeira%20e%20voltar%20a%20ter%20acesso%20a%20cr%C3%A9dito%20no%20mercado.%0A%0AEstou%20aqui%20para%20te%20orientar%20no%20processo%20de%20regulariza%C3%A7%C3%A3o%2C%20te%20ajudar%20a%20limpar%20seu%20nome%20e%20te%20mostrar%20as%20melhores%20op%C3%A7%C3%B5es%20para%20voc%C3%AA%20recuperar%20seu%20score%20de%20forma%20segura.%0A%0ACom%20o%20nome%20limpo%2C%20voc%C3%AA%20volta%20a%3A%20%0A%E2%9C%94%20Ter%20cr%C3%A9dito%20aprovado%20com%20mais%20facilidade%0A%E2%9C%94%20Comprar%20no%20boleto%2C%20cart%C3%A3o%20e%20financiar%0A%E2%9C%94%20Realizar%20seus%20projetos%20com%20tranquilidade%20financeira%0A%0ASe%20quiser%20entender%20como%20funciona%20e%20qual%20%C3%A9%20o%20melhor%20caminho%20para%20o%20seu%20caso%2C%20%C3%A9%20s%C3%B3%20me%20chamar.%0AVamos%20juntos%20colocar%20sua%20vida%20financeira%20em%20dia%20e%20abrir%20novas%20oportunidades%21
[DEBUG] Abrindo URL do WhatsApp...
[DEBUG] P√°gina carregada, aguardando footer...
[DEBUG] Footer encontrado, chat aberto!
[DEBUG] Verificando mensagem pr√©-preenchida: üìå Oportunidade para limpar seu nome e recuperar se...
[DEBUG] Aguardando mensagem ser preenchida...
[AVISO] Texto pode n√£o estar completamente preenchido (esperado: 722, obtido: 739)
[AVISO] Continuando mesmo assim...
[DEBUG] Aguardando 5 segundos antes de enviar...
[DEBUG] Pressionando Enter para enviar...
[OK] Mensagem enviada com sucesso!
[OK] Mensagem enviada para: Lucilene

============================================================
[CONCLUIDO]
   Enviados: 17
   Erros: 1
   Total: 18
============================================================
[LIMPEZA] Removendo perfil temporario...
[OK] Perfil temporario removido
